2016-02-11 21:19:40,825 [main] [com.taotao.jedis.JedisTest]-[DEBUG] 调用redisCluster开始
2016-02-11 21:19:40,829 [main] [com.taotao.jedis.JedisTest]-[INFO] 创建一个JedisCluster对象
2016-02-11 21:19:45,341 [main] [com.taotao.jedis.JedisTest]-[DEBUG] 设置key1的值为1000
2016-02-11 21:19:45,359 [main] [com.taotao.jedis.JedisTest]-[DEBUG] 从Redis中取key1的值
2016-02-11 21:19:45,366 [main] [com.taotao.jedis.JedisTest]-[ERROR] 系统发送异常
java.lang.ArithmeticException: / by zero
	at com.taotao.jedis.JedisTest.testJedisCluster(JedisTest.java:75)
	at sun.reflect.NativeMethodAccessorImpl.invoke0(Native Method)
	at sun.reflect.NativeMethodAccessorImpl.invoke(NativeMethodAccessorImpl.java:57)
	at sun.reflect.DelegatingMethodAccessorImpl.invoke(DelegatingMethodAccessorImpl.java:43)
	at java.lang.reflect.Method.invoke(Method.java:606)
	at org.junit.runners.model.FrameworkMethod$1.runReflectiveCall(FrameworkMethod.java:50)
	at org.junit.internal.runners.model.ReflectiveCallable.run(ReflectiveCallable.java:12)
	at org.junit.runners.model.FrameworkMethod.invokeExplosively(FrameworkMethod.java:47)
	at org.junit.internal.runners.statements.InvokeMethod.evaluate(InvokeMethod.java:17)
	at org.junit.runners.ParentRunner.runLeaf(ParentRunner.java:325)
	at org.junit.runners.BlockJUnit4ClassRunner.runChild(BlockJUnit4ClassRunner.java:78)
	at org.junit.runners.BlockJUnit4ClassRunner.runChild(BlockJUnit4ClassRunner.java:57)
	at org.junit.runners.ParentRunner$3.run(ParentRunner.java:290)
	at org.junit.runners.ParentRunner$1.schedule(ParentRunner.java:71)
	at org.junit.runners.ParentRunner.runChildren(ParentRunner.java:288)
	at org.junit.runners.ParentRunner.access$000(ParentRunner.java:58)
	at org.junit.runners.ParentRunner$2.evaluate(ParentRunner.java:268)
	at org.junit.runners.ParentRunner.run(ParentRunner.java:363)
	at org.eclipse.jdt.internal.junit4.runner.JUnit4TestReference.run(JUnit4TestReference.java:50)
	at org.eclipse.jdt.internal.junit.runner.TestExecution.run(TestExecution.java:38)
	at org.eclipse.jdt.internal.junit.runner.RemoteTestRunner.runTests(RemoteTestRunner.java:467)
	at org.eclipse.jdt.internal.junit.runner.RemoteTestRunner.runTests(RemoteTestRunner.java:683)
	at org.eclipse.jdt.internal.junit.runner.RemoteTestRunner.run(RemoteTestRunner.java:390)
	at org.eclipse.jdt.internal.junit.runner.RemoteTestRunner.main(RemoteTestRunner.java:197)
2016-08-24 18:26:59,746 [main] [org.apache.solr.client.solrj.impl.HttpClientUtil]-[DEBUG] Creating new http client, config:maxConnections=128&maxConnectionsPerHost=32&followRedirects=false
2016-08-24 18:27:09,905 [main] [org.apache.http.impl.conn.PoolingClientConnectionManager]-[DEBUG] Connection request: [route: {}->http://192.168.1.56:8080][total kept alive: 0; route allocated: 0 of 32; total allocated: 0 of 128]
2016-08-24 18:27:10,007 [main] [org.apache.http.impl.conn.PoolingClientConnectionManager]-[DEBUG] Connection leased: [id: 0][route: {}->http://192.168.1.56:8080][total kept alive: 0; route allocated: 1 of 32; total allocated: 1 of 128]
2016-08-24 18:27:10,017 [main] [org.apache.http.impl.conn.DefaultClientConnectionOperator]-[DEBUG] Connecting to 192.168.1.56:8080
2016-08-24 18:27:10,199 [main] [org.apache.http.client.protocol.RequestAddCookies]-[DEBUG] CookieSpec selected: best-match
2016-08-24 18:27:10,300 [main] [org.apache.http.client.protocol.RequestAuthCache]-[DEBUG] Auth cache not set in the context
2016-08-24 18:27:10,301 [main] [org.apache.http.client.protocol.RequestTargetAuthentication]-[DEBUG] Target auth state: UNCHALLENGED
2016-08-24 18:27:10,305 [main] [org.apache.http.client.protocol.RequestProxyAuthentication]-[DEBUG] Proxy auth state: UNCHALLENGED
2016-08-24 18:27:10,306 [main] [org.apache.http.impl.client.SystemDefaultHttpClient]-[DEBUG] Attempt 1 to execute request
2016-08-24 18:27:10,307 [main] [org.apache.http.impl.conn.DefaultClientConnection]-[DEBUG] Sending request: POST /solr/update?wt=javabin&version=2 HTTP/1.1
2016-08-24 18:27:10,309 [main] [org.apache.http.wire]-[DEBUG]  >> "POST /solr/update?wt=javabin&version=2 HTTP/1.1[\r][\n]"
2016-08-24 18:27:10,316 [main] [org.apache.http.wire]-[DEBUG]  >> "User-Agent: Solr[org.apache.solr.client.solrj.impl.HttpSolrServer] 1.0[\r][\n]"
2016-08-24 18:27:10,317 [main] [org.apache.http.wire]-[DEBUG]  >> "Transfer-Encoding: chunked[\r][\n]"
2016-08-24 18:27:10,318 [main] [org.apache.http.wire]-[DEBUG]  >> "Content-Type: application/xml; charset=UTF-8[\r][\n]"
2016-08-24 18:27:10,318 [main] [org.apache.http.wire]-[DEBUG]  >> "Host: 192.168.1.56:8080[\r][\n]"
2016-08-24 18:27:10,319 [main] [org.apache.http.wire]-[DEBUG]  >> "Connection: Keep-Alive[\r][\n]"
2016-08-24 18:27:10,320 [main] [org.apache.http.wire]-[DEBUG]  >> "[\r][\n]"
2016-08-24 18:27:10,320 [main] [org.apache.http.headers]-[DEBUG] >> POST /solr/update?wt=javabin&version=2 HTTP/1.1
2016-08-24 18:27:10,321 [main] [org.apache.http.headers]-[DEBUG] >> User-Agent: Solr[org.apache.solr.client.solrj.impl.HttpSolrServer] 1.0
2016-08-24 18:27:10,322 [main] [org.apache.http.headers]-[DEBUG] >> Transfer-Encoding: chunked
2016-08-24 18:27:10,322 [main] [org.apache.http.headers]-[DEBUG] >> Content-Type: application/xml; charset=UTF-8
2016-08-24 18:27:10,323 [main] [org.apache.http.headers]-[DEBUG] >> Host: 192.168.1.56:8080
2016-08-24 18:27:10,323 [main] [org.apache.http.headers]-[DEBUG] >> Connection: Keep-Alive
2016-08-24 18:27:10,324 [main] [org.apache.http.wire]-[DEBUG]  >> "96[\r][\n]"
2016-08-24 18:27:10,325 [main] [org.apache.http.wire]-[DEBUG]  >> "<add><doc boost="1.0"><field name="id">test001</field><field name="item_title">[0xe6][0xb5][0x8b][0xe8][0xaf][0x95][0xe5][0x95][0x86][0xe5][0x93][0x81]2</field><field name="item_price">54321</field></doc></add>"
2016-08-24 18:27:10,326 [main] [org.apache.http.wire]-[DEBUG]  >> "[\r][\n]"
2016-08-24 18:27:10,327 [main] [org.apache.http.wire]-[DEBUG]  >> "0[\r][\n]"
2016-08-24 18:27:10,327 [main] [org.apache.http.wire]-[DEBUG]  >> "[\r][\n]"
2016-08-24 18:27:10,439 [main] [org.apache.http.wire]-[DEBUG]  << "HTTP/1.1 404 Not Found[\r][\n]"
2016-08-24 18:27:10,452 [main] [org.apache.http.wire]-[DEBUG]  << "Server: Apache-Coyote/1.1[\r][\n]"
2016-08-24 18:27:10,453 [main] [org.apache.http.wire]-[DEBUG]  << "Content-Type: text/html;charset=utf-8[\r][\n]"
2016-08-24 18:27:10,454 [main] [org.apache.http.wire]-[DEBUG]  << "Content-Language: en[\r][\n]"
2016-08-24 18:27:10,455 [main] [org.apache.http.wire]-[DEBUG]  << "Content-Length: 973[\r][\n]"
2016-08-24 18:27:10,455 [main] [org.apache.http.wire]-[DEBUG]  << "Date: Wed, 24 Aug 2016 10:27:10 GMT[\r][\n]"
2016-08-24 18:27:10,456 [main] [org.apache.http.wire]-[DEBUG]  << "[\r][\n]"
2016-08-24 18:27:10,461 [main] [org.apache.http.impl.conn.DefaultClientConnection]-[DEBUG] Receiving response: HTTP/1.1 404 Not Found
2016-08-24 18:27:10,461 [main] [org.apache.http.headers]-[DEBUG] << HTTP/1.1 404 Not Found
2016-08-24 18:27:10,462 [main] [org.apache.http.headers]-[DEBUG] << Server: Apache-Coyote/1.1
2016-08-24 18:27:10,462 [main] [org.apache.http.headers]-[DEBUG] << Content-Type: text/html;charset=utf-8
2016-08-24 18:27:10,463 [main] [org.apache.http.headers]-[DEBUG] << Content-Language: en
2016-08-24 18:27:10,464 [main] [org.apache.http.headers]-[DEBUG] << Content-Length: 973
2016-08-24 18:27:10,464 [main] [org.apache.http.headers]-[DEBUG] << Date: Wed, 24 Aug 2016 10:27:10 GMT
2016-08-24 18:27:10,477 [main] [org.apache.http.impl.client.SystemDefaultHttpClient]-[DEBUG] Connection can be kept alive indefinitely
2016-08-24 18:27:10,601 [main] [org.apache.http.wire]-[DEBUG]  << "<html><head><title>Apache Tomcat/7.0.57 - Error report</title><style><!--H1 {font-family:Tahoma,Arial,sans-serif;color:white;background-color:#525D76;font-size:22px;} H2 {font-family:Tahoma,Arial,sans-serif;color:white;background-color:#525D76;font-size:16px;} H3 {font-family:Tahoma,Arial,sans-serif;color:white;background-color:#525D76;font-size:14px;} BODY {font-family:Tahoma,Arial,sans-serif;color:black;background-color:white;} B {font-family:Tahoma,Arial,sans-serif;color:white;background-color:#525D76;} P {font-family:Tahoma,Arial,sans-serif;background:white;color:black;font-size:12px;}A {color : black;}A.name {color : black;}HR {color : #525D76;}--></style> </head><body><h1>HTTP Status 404 - /solr/update</h1><HR size="1" noshade="noshade"><p><b>type</b> Status report</p><p><b>message</b> <u>/solr/update</u></p><p><b>description</b> <u>The requested resource is not available.</u></p><HR size="1" noshade="noshade"><h3>Apache Tomcat/7.0.57</h3></body></html>"
2016-08-24 18:27:10,602 [main] [org.apache.http.impl.conn.PoolingClientConnectionManager]-[DEBUG] Connection [id: 0][route: {}->http://192.168.1.56:8080] can be kept alive indefinitely
2016-08-24 18:27:10,603 [main] [org.apache.http.impl.conn.PoolingClientConnectionManager]-[DEBUG] Connection released: [id: 0][route: {}->http://192.168.1.56:8080][total kept alive: 1; route allocated: 1 of 32; total allocated: 1 of 128]
2016-08-24 18:30:03,132 [main] [org.apache.solr.client.solrj.impl.HttpClientUtil]-[DEBUG] Creating new http client, config:maxConnections=128&maxConnectionsPerHost=32&followRedirects=false
2016-08-24 18:34:28,087 [main] [org.apache.solr.client.solrj.impl.HttpClientUtil]-[DEBUG] Creating new http client, config:maxConnections=128&maxConnectionsPerHost=32&followRedirects=false
2016-08-24 18:34:39,979 [main] [org.apache.http.impl.conn.PoolingClientConnectionManager]-[DEBUG] Connection request: [route: {}->http://192.168.1.56:8080][total kept alive: 0; route allocated: 0 of 32; total allocated: 0 of 128]
2016-08-24 18:34:40,120 [main] [org.apache.http.impl.conn.PoolingClientConnectionManager]-[DEBUG] Connection leased: [id: 0][route: {}->http://192.168.1.56:8080][total kept alive: 0; route allocated: 1 of 32; total allocated: 1 of 128]
2016-08-24 18:34:40,129 [main] [org.apache.http.impl.conn.DefaultClientConnectionOperator]-[DEBUG] Connecting to 192.168.1.56:8080
2016-08-24 18:34:40,280 [main] [org.apache.http.client.protocol.RequestAddCookies]-[DEBUG] CookieSpec selected: best-match
2016-08-24 18:34:40,368 [main] [org.apache.http.client.protocol.RequestAuthCache]-[DEBUG] Auth cache not set in the context
2016-08-24 18:34:40,368 [main] [org.apache.http.client.protocol.RequestTargetAuthentication]-[DEBUG] Target auth state: UNCHALLENGED
2016-08-24 18:34:40,373 [main] [org.apache.http.client.protocol.RequestProxyAuthentication]-[DEBUG] Proxy auth state: UNCHALLENGED
2016-08-24 18:34:40,373 [main] [org.apache.http.impl.client.SystemDefaultHttpClient]-[DEBUG] Attempt 1 to execute request
2016-08-24 18:34:40,374 [main] [org.apache.http.impl.conn.DefaultClientConnection]-[DEBUG] Sending request: POST /solr/update?wt=javabin&version=2 HTTP/1.1
2016-08-24 18:34:40,376 [main] [org.apache.http.wire]-[DEBUG]  >> "POST /solr/update?wt=javabin&version=2 HTTP/1.1[\r][\n]"
2016-08-24 18:34:40,386 [main] [org.apache.http.wire]-[DEBUG]  >> "User-Agent: Solr[org.apache.solr.client.solrj.impl.HttpSolrServer] 1.0[\r][\n]"
2016-08-24 18:34:40,387 [main] [org.apache.http.wire]-[DEBUG]  >> "Transfer-Encoding: chunked[\r][\n]"
2016-08-24 18:34:40,389 [main] [org.apache.http.wire]-[DEBUG]  >> "Content-Type: application/xml; charset=UTF-8[\r][\n]"
2016-08-24 18:34:40,390 [main] [org.apache.http.wire]-[DEBUG]  >> "Host: 192.168.1.56:8080[\r][\n]"
2016-08-24 18:34:40,391 [main] [org.apache.http.wire]-[DEBUG]  >> "Connection: Keep-Alive[\r][\n]"
2016-08-24 18:34:40,392 [main] [org.apache.http.wire]-[DEBUG]  >> "[\r][\n]"
2016-08-24 18:34:40,393 [main] [org.apache.http.headers]-[DEBUG] >> POST /solr/update?wt=javabin&version=2 HTTP/1.1
2016-08-24 18:34:40,394 [main] [org.apache.http.headers]-[DEBUG] >> User-Agent: Solr[org.apache.solr.client.solrj.impl.HttpSolrServer] 1.0
2016-08-24 18:34:40,395 [main] [org.apache.http.headers]-[DEBUG] >> Transfer-Encoding: chunked
2016-08-24 18:34:40,396 [main] [org.apache.http.headers]-[DEBUG] >> Content-Type: application/xml; charset=UTF-8
2016-08-24 18:34:40,397 [main] [org.apache.http.headers]-[DEBUG] >> Host: 192.168.1.56:8080
2016-08-24 18:34:40,398 [main] [org.apache.http.headers]-[DEBUG] >> Connection: Keep-Alive
2016-08-24 18:34:40,400 [main] [org.apache.http.wire]-[DEBUG]  >> "96[\r][\n]"
2016-08-24 18:34:40,402 [main] [org.apache.http.wire]-[DEBUG]  >> "<add><doc boost="1.0"><field name="id">test001</field><field name="item_title">[0xe6][0xb5][0x8b][0xe8][0xaf][0x95][0xe5][0x95][0x86][0xe5][0x93][0x81]2</field><field name="item_price">54321</field></doc></add>"
2016-08-24 18:34:40,402 [main] [org.apache.http.wire]-[DEBUG]  >> "[\r][\n]"
2016-08-24 18:34:40,403 [main] [org.apache.http.wire]-[DEBUG]  >> "0[\r][\n]"
2016-08-24 18:34:40,404 [main] [org.apache.http.wire]-[DEBUG]  >> "[\r][\n]"
2016-08-24 18:34:40,504 [main] [org.apache.http.wire]-[DEBUG]  << "HTTP/1.1 400 Bad Request[\r][\n]"
2016-08-24 18:34:40,512 [main] [org.apache.http.wire]-[DEBUG]  << "Server: Apache-Coyote/1.1[\r][\n]"
2016-08-24 18:34:40,513 [main] [org.apache.http.wire]-[DEBUG]  << "Content-Type: application/octet-stream[\r][\n]"
2016-08-24 18:34:40,514 [main] [org.apache.http.wire]-[DEBUG]  << "Content-Length: 108[\r][\n]"
2016-08-24 18:34:40,515 [main] [org.apache.http.wire]-[DEBUG]  << "Date: Wed, 24 Aug 2016 10:34:40 GMT[\r][\n]"
2016-08-24 18:34:40,516 [main] [org.apache.http.wire]-[DEBUG]  << "Connection: close[\r][\n]"
2016-08-24 18:34:40,518 [main] [org.apache.http.wire]-[DEBUG]  << "[\r][\n]"
2016-08-24 18:34:40,522 [main] [org.apache.http.impl.conn.DefaultClientConnection]-[DEBUG] Receiving response: HTTP/1.1 400 Bad Request
2016-08-24 18:34:40,523 [main] [org.apache.http.headers]-[DEBUG] << HTTP/1.1 400 Bad Request
2016-08-24 18:34:40,523 [main] [org.apache.http.headers]-[DEBUG] << Server: Apache-Coyote/1.1
2016-08-24 18:34:40,524 [main] [org.apache.http.headers]-[DEBUG] << Content-Type: application/octet-stream
2016-08-24 18:34:40,525 [main] [org.apache.http.headers]-[DEBUG] << Content-Length: 108
2016-08-24 18:34:40,525 [main] [org.apache.http.headers]-[DEBUG] << Date: Wed, 24 Aug 2016 10:34:40 GMT
2016-08-24 18:34:40,526 [main] [org.apache.http.headers]-[DEBUG] << Connection: close
2016-08-24 18:34:40,653 [main] [org.apache.http.wire]-[DEBUG]  << "[0x2][0xa2][0xe0].responseHeader[0xa2][0xe0]&statusP[0x19][0xe0]%QTimeY[0x5][0xe0]%error[0xa2][0xe0]#msg?[0x10]ERROR: [doc=test001] unknown field 'item_title'[0xe0]$codeP[0x19]"
2016-08-24 18:34:40,659 [main] [org.apache.http.impl.conn.DefaultClientConnection]-[DEBUG] Connection 0.0.0.0:53895<->192.168.1.56:8080 closed
2016-08-24 18:34:40,659 [main] [org.apache.http.impl.conn.PoolingClientConnectionManager]-[DEBUG] Connection released: [id: 0][route: {}->http://192.168.1.56:8080][total kept alive: 0; route allocated: 0 of 32; total allocated: 0 of 128]
2016-08-25 14:55:24,400 [main] [org.apache.solr.client.solrj.impl.HttpClientUtil]-[DEBUG] Creating new http client, config:maxConnections=128&maxConnectionsPerHost=32&followRedirects=false
2016-08-25 14:55:43,925 [main] [org.apache.http.impl.conn.PoolingClientConnectionManager]-[DEBUG] Connection request: [route: {}->http://192.168.1.56:8080][total kept alive: 0; route allocated: 0 of 32; total allocated: 0 of 128]
2016-08-25 14:55:44,024 [main] [org.apache.http.impl.conn.PoolingClientConnectionManager]-[DEBUG] Connection leased: [id: 0][route: {}->http://192.168.1.56:8080][total kept alive: 0; route allocated: 1 of 32; total allocated: 1 of 128]
2016-08-25 14:55:44,037 [main] [org.apache.http.impl.conn.DefaultClientConnectionOperator]-[DEBUG] Connecting to 192.168.1.56:8080
2016-08-25 14:55:44,228 [main] [org.apache.http.client.protocol.RequestAddCookies]-[DEBUG] CookieSpec selected: best-match
2016-08-25 14:55:44,341 [main] [org.apache.http.client.protocol.RequestAuthCache]-[DEBUG] Auth cache not set in the context
2016-08-25 14:55:44,342 [main] [org.apache.http.client.protocol.RequestTargetAuthentication]-[DEBUG] Target auth state: UNCHALLENGED
2016-08-25 14:55:44,346 [main] [org.apache.http.client.protocol.RequestProxyAuthentication]-[DEBUG] Proxy auth state: UNCHALLENGED
2016-08-25 14:55:44,347 [main] [org.apache.http.impl.client.SystemDefaultHttpClient]-[DEBUG] Attempt 1 to execute request
2016-08-25 14:55:44,348 [main] [org.apache.http.impl.conn.DefaultClientConnection]-[DEBUG] Sending request: POST /solr/update?wt=javabin&version=2 HTTP/1.1
2016-08-25 14:55:44,351 [main] [org.apache.http.wire]-[DEBUG]  >> "POST /solr/update?wt=javabin&version=2 HTTP/1.1[\r][\n]"
2016-08-25 14:55:44,360 [main] [org.apache.http.wire]-[DEBUG]  >> "User-Agent: Solr[org.apache.solr.client.solrj.impl.HttpSolrServer] 1.0[\r][\n]"
2016-08-25 14:55:44,361 [main] [org.apache.http.wire]-[DEBUG]  >> "Transfer-Encoding: chunked[\r][\n]"
2016-08-25 14:55:44,361 [main] [org.apache.http.wire]-[DEBUG]  >> "Content-Type: application/xml; charset=UTF-8[\r][\n]"
2016-08-25 14:55:44,362 [main] [org.apache.http.wire]-[DEBUG]  >> "Host: 192.168.1.56:8080[\r][\n]"
2016-08-25 14:55:44,363 [main] [org.apache.http.wire]-[DEBUG]  >> "Connection: Keep-Alive[\r][\n]"
2016-08-25 14:55:44,364 [main] [org.apache.http.wire]-[DEBUG]  >> "[\r][\n]"
2016-08-25 14:55:44,364 [main] [org.apache.http.headers]-[DEBUG] >> POST /solr/update?wt=javabin&version=2 HTTP/1.1
2016-08-25 14:55:44,365 [main] [org.apache.http.headers]-[DEBUG] >> User-Agent: Solr[org.apache.solr.client.solrj.impl.HttpSolrServer] 1.0
2016-08-25 14:55:44,365 [main] [org.apache.http.headers]-[DEBUG] >> Transfer-Encoding: chunked
2016-08-25 14:55:44,366 [main] [org.apache.http.headers]-[DEBUG] >> Content-Type: application/xml; charset=UTF-8
2016-08-25 14:55:44,367 [main] [org.apache.http.headers]-[DEBUG] >> Host: 192.168.1.56:8080
2016-08-25 14:55:44,367 [main] [org.apache.http.headers]-[DEBUG] >> Connection: Keep-Alive
2016-08-25 14:55:44,368 [main] [org.apache.http.wire]-[DEBUG]  >> "96[\r][\n]"
2016-08-25 14:55:44,370 [main] [org.apache.http.wire]-[DEBUG]  >> "<add><doc boost="1.0"><field name="id">test001</field><field name="item_title">[0xe6][0xb5][0x8b][0xe8][0xaf][0x95][0xe5][0x95][0x86][0xe5][0x93][0x81]2</field><field name="item_price">54321</field></doc></add>"
2016-08-25 14:55:44,370 [main] [org.apache.http.wire]-[DEBUG]  >> "[\r][\n]"
2016-08-25 14:55:44,371 [main] [org.apache.http.wire]-[DEBUG]  >> "0[\r][\n]"
2016-08-25 14:55:44,372 [main] [org.apache.http.wire]-[DEBUG]  >> "[\r][\n]"
2016-08-25 14:55:45,154 [main] [org.apache.http.wire]-[DEBUG]  << "HTTP/1.1 400 Bad Request[\r][\n]"
2016-08-25 14:55:45,169 [main] [org.apache.http.wire]-[DEBUG]  << "Server: Apache-Coyote/1.1[\r][\n]"
2016-08-25 14:55:45,170 [main] [org.apache.http.wire]-[DEBUG]  << "Content-Type: application/octet-stream[\r][\n]"
2016-08-25 14:55:45,171 [main] [org.apache.http.wire]-[DEBUG]  << "Content-Length: 108[\r][\n]"
2016-08-25 14:55:45,173 [main] [org.apache.http.wire]-[DEBUG]  << "Date: Thu, 25 Aug 2016 06:55:45 GMT[\r][\n]"
2016-08-25 14:55:45,174 [main] [org.apache.http.wire]-[DEBUG]  << "Connection: close[\r][\n]"
2016-08-25 14:55:45,175 [main] [org.apache.http.wire]-[DEBUG]  << "[\r][\n]"
2016-08-25 14:55:45,182 [main] [org.apache.http.impl.conn.DefaultClientConnection]-[DEBUG] Receiving response: HTTP/1.1 400 Bad Request
2016-08-25 14:55:45,183 [main] [org.apache.http.headers]-[DEBUG] << HTTP/1.1 400 Bad Request
2016-08-25 14:55:45,184 [main] [org.apache.http.headers]-[DEBUG] << Server: Apache-Coyote/1.1
2016-08-25 14:55:45,185 [main] [org.apache.http.headers]-[DEBUG] << Content-Type: application/octet-stream
2016-08-25 14:55:45,186 [main] [org.apache.http.headers]-[DEBUG] << Content-Length: 108
2016-08-25 14:55:45,187 [main] [org.apache.http.headers]-[DEBUG] << Date: Thu, 25 Aug 2016 06:55:45 GMT
2016-08-25 14:55:45,187 [main] [org.apache.http.headers]-[DEBUG] << Connection: close
2016-08-25 14:55:45,364 [main] [org.apache.http.wire]-[DEBUG]  << "[0x2][0xa2][0xe0].responseHeader[0xa2][0xe0]&statusP[0x19][0xe0]%QTimeW[0xc][0xe0]%error[0xa2][0xe0]#msg?[0x10]ERROR: [doc=test001] unknown field 'item_title'[0xe0]$codeP[0x19]"
2016-08-25 14:55:45,370 [main] [org.apache.http.impl.conn.DefaultClientConnection]-[DEBUG] Connection 0.0.0.0:51360<->192.168.1.56:8080 closed
2016-08-25 14:55:45,371 [main] [org.apache.http.impl.conn.PoolingClientConnectionManager]-[DEBUG] Connection released: [id: 0][route: {}->http://192.168.1.56:8080][total kept alive: 0; route allocated: 0 of 32; total allocated: 0 of 128]
2016-08-25 14:58:00,262 [main] [org.apache.solr.client.solrj.impl.HttpClientUtil]-[DEBUG] Creating new http client, config:maxConnections=128&maxConnectionsPerHost=32&followRedirects=false
2016-08-25 14:58:06,436 [main] [org.apache.http.impl.conn.PoolingClientConnectionManager]-[DEBUG] Connection request: [route: {}->http://192.168.1.56:8080][total kept alive: 0; route allocated: 0 of 32; total allocated: 0 of 128]
2016-08-25 14:58:06,534 [main] [org.apache.http.impl.conn.PoolingClientConnectionManager]-[DEBUG] Connection leased: [id: 0][route: {}->http://192.168.1.56:8080][total kept alive: 0; route allocated: 1 of 32; total allocated: 1 of 128]
2016-08-25 14:58:06,545 [main] [org.apache.http.impl.conn.DefaultClientConnectionOperator]-[DEBUG] Connecting to 192.168.1.56:8080
2016-08-25 14:58:06,697 [main] [org.apache.http.client.protocol.RequestAddCookies]-[DEBUG] CookieSpec selected: best-match
2016-08-25 14:58:06,786 [main] [org.apache.http.client.protocol.RequestAuthCache]-[DEBUG] Auth cache not set in the context
2016-08-25 14:58:06,788 [main] [org.apache.http.client.protocol.RequestTargetAuthentication]-[DEBUG] Target auth state: UNCHALLENGED
2016-08-25 14:58:06,795 [main] [org.apache.http.client.protocol.RequestProxyAuthentication]-[DEBUG] Proxy auth state: UNCHALLENGED
2016-08-25 14:58:06,796 [main] [org.apache.http.impl.client.SystemDefaultHttpClient]-[DEBUG] Attempt 1 to execute request
2016-08-25 14:58:06,797 [main] [org.apache.http.impl.conn.DefaultClientConnection]-[DEBUG] Sending request: POST /solr/collection1/update?wt=javabin&version=2 HTTP/1.1
2016-08-25 14:58:06,800 [main] [org.apache.http.wire]-[DEBUG]  >> "POST /solr/collection1/update?wt=javabin&version=2 HTTP/1.1[\r][\n]"
2016-08-25 14:58:06,808 [main] [org.apache.http.wire]-[DEBUG]  >> "User-Agent: Solr[org.apache.solr.client.solrj.impl.HttpSolrServer] 1.0[\r][\n]"
2016-08-25 14:58:06,809 [main] [org.apache.http.wire]-[DEBUG]  >> "Transfer-Encoding: chunked[\r][\n]"
2016-08-25 14:58:06,810 [main] [org.apache.http.wire]-[DEBUG]  >> "Content-Type: application/xml; charset=UTF-8[\r][\n]"
2016-08-25 14:58:06,811 [main] [org.apache.http.wire]-[DEBUG]  >> "Host: 192.168.1.56:8080[\r][\n]"
2016-08-25 14:58:06,811 [main] [org.apache.http.wire]-[DEBUG]  >> "Connection: Keep-Alive[\r][\n]"
2016-08-25 14:58:06,812 [main] [org.apache.http.wire]-[DEBUG]  >> "[\r][\n]"
2016-08-25 14:58:06,813 [main] [org.apache.http.headers]-[DEBUG] >> POST /solr/collection1/update?wt=javabin&version=2 HTTP/1.1
2016-08-25 14:58:06,813 [main] [org.apache.http.headers]-[DEBUG] >> User-Agent: Solr[org.apache.solr.client.solrj.impl.HttpSolrServer] 1.0
2016-08-25 14:58:06,814 [main] [org.apache.http.headers]-[DEBUG] >> Transfer-Encoding: chunked
2016-08-25 14:58:06,814 [main] [org.apache.http.headers]-[DEBUG] >> Content-Type: application/xml; charset=UTF-8
2016-08-25 14:58:06,815 [main] [org.apache.http.headers]-[DEBUG] >> Host: 192.168.1.56:8080
2016-08-25 14:58:06,816 [main] [org.apache.http.headers]-[DEBUG] >> Connection: Keep-Alive
2016-08-25 14:58:06,817 [main] [org.apache.http.wire]-[DEBUG]  >> "96[\r][\n]"
2016-08-25 14:58:06,818 [main] [org.apache.http.wire]-[DEBUG]  >> "<add><doc boost="1.0"><field name="id">test001</field><field name="item_title">[0xe6][0xb5][0x8b][0xe8][0xaf][0x95][0xe5][0x95][0x86][0xe5][0x93][0x81]2</field><field name="item_price">54321</field></doc></add>"
2016-08-25 14:58:06,819 [main] [org.apache.http.wire]-[DEBUG]  >> "[\r][\n]"
2016-08-25 14:58:06,819 [main] [org.apache.http.wire]-[DEBUG]  >> "0[\r][\n]"
2016-08-25 14:58:06,820 [main] [org.apache.http.wire]-[DEBUG]  >> "[\r][\n]"
2016-08-25 14:58:06,824 [main] [org.apache.http.wire]-[DEBUG]  << "HTTP/1.1 400 Bad Request[\r][\n]"
2016-08-25 14:58:06,833 [main] [org.apache.http.wire]-[DEBUG]  << "Server: Apache-Coyote/1.1[\r][\n]"
2016-08-25 14:58:06,834 [main] [org.apache.http.wire]-[DEBUG]  << "Content-Type: application/octet-stream[\r][\n]"
2016-08-25 14:58:06,834 [main] [org.apache.http.wire]-[DEBUG]  << "Content-Length: 107[\r][\n]"
2016-08-25 14:58:06,835 [main] [org.apache.http.wire]-[DEBUG]  << "Date: Thu, 25 Aug 2016 06:58:06 GMT[\r][\n]"
2016-08-25 14:58:06,836 [main] [org.apache.http.wire]-[DEBUG]  << "Connection: close[\r][\n]"
2016-08-25 14:58:06,837 [main] [org.apache.http.wire]-[DEBUG]  << "[\r][\n]"
2016-08-25 14:58:06,841 [main] [org.apache.http.impl.conn.DefaultClientConnection]-[DEBUG] Receiving response: HTTP/1.1 400 Bad Request
2016-08-25 14:58:06,842 [main] [org.apache.http.headers]-[DEBUG] << HTTP/1.1 400 Bad Request
2016-08-25 14:58:06,843 [main] [org.apache.http.headers]-[DEBUG] << Server: Apache-Coyote/1.1
2016-08-25 14:58:06,843 [main] [org.apache.http.headers]-[DEBUG] << Content-Type: application/octet-stream
2016-08-25 14:58:06,844 [main] [org.apache.http.headers]-[DEBUG] << Content-Length: 107
2016-08-25 14:58:06,844 [main] [org.apache.http.headers]-[DEBUG] << Date: Thu, 25 Aug 2016 06:58:06 GMT
2016-08-25 14:58:06,845 [main] [org.apache.http.headers]-[DEBUG] << Connection: close
2016-08-25 14:58:06,975 [main] [org.apache.http.wire]-[DEBUG]  << "[0x2][0xa2][0xe0].responseHeader[0xa2][0xe0]&statusP[0x19][0xe0]%QTimeA[0xe0]%error[0xa2][0xe0]#msg?[0x10]ERROR: [doc=test001] unknown field 'item_title'[0xe0]$codeP[0x19]"
2016-08-25 14:58:06,984 [main] [org.apache.http.impl.conn.DefaultClientConnection]-[DEBUG] Connection 0.0.0.0:51420<->192.168.1.56:8080 closed
2016-08-25 14:58:06,985 [main] [org.apache.http.impl.conn.PoolingClientConnectionManager]-[DEBUG] Connection released: [id: 0][route: {}->http://192.168.1.56:8080][total kept alive: 0; route allocated: 0 of 32; total allocated: 0 of 128]
2016-08-25 15:00:09,698 [main] [org.apache.solr.client.solrj.impl.HttpClientUtil]-[DEBUG] Creating new http client, config:maxConnections=128&maxConnectionsPerHost=32&followRedirects=false
2016-08-25 15:00:16,488 [main] [org.apache.http.impl.conn.PoolingClientConnectionManager]-[DEBUG] Connection request: [route: {}->http://192.168.1.56:8080][total kept alive: 0; route allocated: 0 of 32; total allocated: 0 of 128]
2016-08-25 15:00:16,600 [main] [org.apache.http.impl.conn.PoolingClientConnectionManager]-[DEBUG] Connection leased: [id: 0][route: {}->http://192.168.1.56:8080][total kept alive: 0; route allocated: 1 of 32; total allocated: 1 of 128]
2016-08-25 15:00:16,609 [main] [org.apache.http.impl.conn.DefaultClientConnectionOperator]-[DEBUG] Connecting to 192.168.1.56:8080
2016-08-25 15:00:16,765 [main] [org.apache.http.client.protocol.RequestAddCookies]-[DEBUG] CookieSpec selected: best-match
2016-08-25 15:00:16,854 [main] [org.apache.http.client.protocol.RequestAuthCache]-[DEBUG] Auth cache not set in the context
2016-08-25 15:00:16,854 [main] [org.apache.http.client.protocol.RequestTargetAuthentication]-[DEBUG] Target auth state: UNCHALLENGED
2016-08-25 15:00:16,859 [main] [org.apache.http.client.protocol.RequestProxyAuthentication]-[DEBUG] Proxy auth state: UNCHALLENGED
2016-08-25 15:00:16,859 [main] [org.apache.http.impl.client.SystemDefaultHttpClient]-[DEBUG] Attempt 1 to execute request
2016-08-25 15:00:16,860 [main] [org.apache.http.impl.conn.DefaultClientConnection]-[DEBUG] Sending request: POST /solr/collection1/update?wt=javabin&version=2 HTTP/1.1
2016-08-25 15:00:16,862 [main] [org.apache.http.wire]-[DEBUG]  >> "POST /solr/collection1/update?wt=javabin&version=2 HTTP/1.1[\r][\n]"
2016-08-25 15:00:16,873 [main] [org.apache.http.wire]-[DEBUG]  >> "User-Agent: Solr[org.apache.solr.client.solrj.impl.HttpSolrServer] 1.0[\r][\n]"
2016-08-25 15:00:16,874 [main] [org.apache.http.wire]-[DEBUG]  >> "Transfer-Encoding: chunked[\r][\n]"
2016-08-25 15:00:16,875 [main] [org.apache.http.wire]-[DEBUG]  >> "Content-Type: application/xml; charset=UTF-8[\r][\n]"
2016-08-25 15:00:16,877 [main] [org.apache.http.wire]-[DEBUG]  >> "Host: 192.168.1.56:8080[\r][\n]"
2016-08-25 15:00:16,878 [main] [org.apache.http.wire]-[DEBUG]  >> "Connection: Keep-Alive[\r][\n]"
2016-08-25 15:00:16,879 [main] [org.apache.http.wire]-[DEBUG]  >> "[\r][\n]"
2016-08-25 15:00:16,880 [main] [org.apache.http.headers]-[DEBUG] >> POST /solr/collection1/update?wt=javabin&version=2 HTTP/1.1
2016-08-25 15:00:16,881 [main] [org.apache.http.headers]-[DEBUG] >> User-Agent: Solr[org.apache.solr.client.solrj.impl.HttpSolrServer] 1.0
2016-08-25 15:00:16,882 [main] [org.apache.http.headers]-[DEBUG] >> Transfer-Encoding: chunked
2016-08-25 15:00:16,883 [main] [org.apache.http.headers]-[DEBUG] >> Content-Type: application/xml; charset=UTF-8
2016-08-25 15:00:16,884 [main] [org.apache.http.headers]-[DEBUG] >> Host: 192.168.1.56:8080
2016-08-25 15:00:16,885 [main] [org.apache.http.headers]-[DEBUG] >> Connection: Keep-Alive
2016-08-25 15:00:16,887 [main] [org.apache.http.wire]-[DEBUG]  >> "96[\r][\n]"
2016-08-25 15:00:16,889 [main] [org.apache.http.wire]-[DEBUG]  >> "<add><doc boost="1.0"><field name="id">test001</field><field name="item_title">[0xe6][0xb5][0x8b][0xe8][0xaf][0x95][0xe5][0x95][0x86][0xe5][0x93][0x81]2</field><field name="item_price">54321</field></doc></add>"
2016-08-25 15:00:16,890 [main] [org.apache.http.wire]-[DEBUG]  >> "[\r][\n]"
2016-08-25 15:00:16,891 [main] [org.apache.http.wire]-[DEBUG]  >> "0[\r][\n]"
2016-08-25 15:00:16,892 [main] [org.apache.http.wire]-[DEBUG]  >> "[\r][\n]"
2016-08-25 15:00:17,071 [main] [org.apache.http.wire]-[DEBUG]  << "HTTP/1.1 400 Bad Request[\r][\n]"
2016-08-25 15:00:17,080 [main] [org.apache.http.wire]-[DEBUG]  << "Server: Apache-Coyote/1.1[\r][\n]"
2016-08-25 15:00:17,081 [main] [org.apache.http.wire]-[DEBUG]  << "Content-Type: application/octet-stream[\r][\n]"
2016-08-25 15:00:17,082 [main] [org.apache.http.wire]-[DEBUG]  << "Content-Length: 108[\r][\n]"
2016-08-25 15:00:17,082 [main] [org.apache.http.wire]-[DEBUG]  << "Date: Thu, 25 Aug 2016 07:00:17 GMT[\r][\n]"
2016-08-25 15:00:17,083 [main] [org.apache.http.wire]-[DEBUG]  << "Connection: close[\r][\n]"
2016-08-25 15:00:17,085 [main] [org.apache.http.wire]-[DEBUG]  << "[\r][\n]"
2016-08-25 15:00:17,090 [main] [org.apache.http.impl.conn.DefaultClientConnection]-[DEBUG] Receiving response: HTTP/1.1 400 Bad Request
2016-08-25 15:00:17,091 [main] [org.apache.http.headers]-[DEBUG] << HTTP/1.1 400 Bad Request
2016-08-25 15:00:17,091 [main] [org.apache.http.headers]-[DEBUG] << Server: Apache-Coyote/1.1
2016-08-25 15:00:17,092 [main] [org.apache.http.headers]-[DEBUG] << Content-Type: application/octet-stream
2016-08-25 15:00:17,092 [main] [org.apache.http.headers]-[DEBUG] << Content-Length: 108
2016-08-25 15:00:17,093 [main] [org.apache.http.headers]-[DEBUG] << Date: Thu, 25 Aug 2016 07:00:17 GMT
2016-08-25 15:00:17,093 [main] [org.apache.http.headers]-[DEBUG] << Connection: close
2016-08-25 15:00:17,221 [main] [org.apache.http.wire]-[DEBUG]  << "[0x2][0xa2][0xe0].responseHeader[0xa2][0xe0]&statusP[0x19][0xe0]%QTimeW[0x5][0xe0]%error[0xa2][0xe0]#msg?[0x10]ERROR: [doc=test001] unknown field 'item_title'[0xe0]$codeP[0x19]"
2016-08-25 15:00:17,228 [main] [org.apache.http.impl.conn.DefaultClientConnection]-[DEBUG] Connection 0.0.0.0:51444<->192.168.1.56:8080 closed
2016-08-25 15:00:17,228 [main] [org.apache.http.impl.conn.PoolingClientConnectionManager]-[DEBUG] Connection released: [id: 0][route: {}->http://192.168.1.56:8080][total kept alive: 0; route allocated: 0 of 32; total allocated: 0 of 128]
2016-08-25 15:02:40,972 [main] [org.apache.solr.client.solrj.impl.HttpClientUtil]-[DEBUG] Creating new http client, config:maxConnections=128&maxConnectionsPerHost=32&followRedirects=false
2016-08-25 15:02:41,388 [main] [org.apache.http.impl.conn.PoolingClientConnectionManager]-[DEBUG] Connection request: [route: {}->http://192.168.1.56:8080][total kept alive: 0; route allocated: 0 of 32; total allocated: 0 of 128]
2016-08-25 15:02:41,411 [main] [org.apache.http.impl.conn.PoolingClientConnectionManager]-[DEBUG] Connection leased: [id: 0][route: {}->http://192.168.1.56:8080][total kept alive: 0; route allocated: 1 of 32; total allocated: 1 of 128]
2016-08-25 15:02:41,414 [main] [org.apache.http.impl.conn.DefaultClientConnectionOperator]-[DEBUG] Connecting to 192.168.1.56:8080
2016-08-25 15:02:41,453 [main] [org.apache.http.client.protocol.RequestAddCookies]-[DEBUG] CookieSpec selected: best-match
2016-08-25 15:02:41,472 [main] [org.apache.http.client.protocol.RequestAuthCache]-[DEBUG] Auth cache not set in the context
2016-08-25 15:02:41,472 [main] [org.apache.http.client.protocol.RequestTargetAuthentication]-[DEBUG] Target auth state: UNCHALLENGED
2016-08-25 15:02:41,473 [main] [org.apache.http.client.protocol.RequestProxyAuthentication]-[DEBUG] Proxy auth state: UNCHALLENGED
2016-08-25 15:02:41,473 [main] [org.apache.http.impl.client.SystemDefaultHttpClient]-[DEBUG] Attempt 1 to execute request
2016-08-25 15:02:41,473 [main] [org.apache.http.impl.conn.DefaultClientConnection]-[DEBUG] Sending request: POST /solr/update?wt=javabin&version=2 HTTP/1.1
2016-08-25 15:02:41,474 [main] [org.apache.http.wire]-[DEBUG]  >> "POST /solr/update?wt=javabin&version=2 HTTP/1.1[\r][\n]"
2016-08-25 15:02:41,476 [main] [org.apache.http.wire]-[DEBUG]  >> "User-Agent: Solr[org.apache.solr.client.solrj.impl.HttpSolrServer] 1.0[\r][\n]"
2016-08-25 15:02:41,476 [main] [org.apache.http.wire]-[DEBUG]  >> "Transfer-Encoding: chunked[\r][\n]"
2016-08-25 15:02:41,477 [main] [org.apache.http.wire]-[DEBUG]  >> "Content-Type: application/xml; charset=UTF-8[\r][\n]"
2016-08-25 15:02:41,477 [main] [org.apache.http.wire]-[DEBUG]  >> "Host: 192.168.1.56:8080[\r][\n]"
2016-08-25 15:02:41,477 [main] [org.apache.http.wire]-[DEBUG]  >> "Connection: Keep-Alive[\r][\n]"
2016-08-25 15:02:41,477 [main] [org.apache.http.wire]-[DEBUG]  >> "[\r][\n]"
2016-08-25 15:02:41,477 [main] [org.apache.http.headers]-[DEBUG] >> POST /solr/update?wt=javabin&version=2 HTTP/1.1
2016-08-25 15:02:41,477 [main] [org.apache.http.headers]-[DEBUG] >> User-Agent: Solr[org.apache.solr.client.solrj.impl.HttpSolrServer] 1.0
2016-08-25 15:02:41,478 [main] [org.apache.http.headers]-[DEBUG] >> Transfer-Encoding: chunked
2016-08-25 15:02:41,478 [main] [org.apache.http.headers]-[DEBUG] >> Content-Type: application/xml; charset=UTF-8
2016-08-25 15:02:41,478 [main] [org.apache.http.headers]-[DEBUG] >> Host: 192.168.1.56:8080
2016-08-25 15:02:41,478 [main] [org.apache.http.headers]-[DEBUG] >> Connection: Keep-Alive
2016-08-25 15:02:41,479 [main] [org.apache.http.wire]-[DEBUG]  >> "96[\r][\n]"
2016-08-25 15:02:41,479 [main] [org.apache.http.wire]-[DEBUG]  >> "<add><doc boost="1.0"><field name="id">test001</field><field name="item_title">[0xe6][0xb5][0x8b][0xe8][0xaf][0x95][0xe5][0x95][0x86][0xe5][0x93][0x81]2</field><field name="item_price">54321</field></doc></add>"
2016-08-25 15:02:41,479 [main] [org.apache.http.wire]-[DEBUG]  >> "[\r][\n]"
2016-08-25 15:02:41,479 [main] [org.apache.http.wire]-[DEBUG]  >> "0[\r][\n]"
2016-08-25 15:02:41,480 [main] [org.apache.http.wire]-[DEBUG]  >> "[\r][\n]"
2016-08-25 15:02:41,483 [main] [org.apache.http.wire]-[DEBUG]  << "HTTP/1.1 400 Bad Request[\r][\n]"
2016-08-25 15:02:41,486 [main] [org.apache.http.wire]-[DEBUG]  << "Server: Apache-Coyote/1.1[\r][\n]"
2016-08-25 15:02:41,486 [main] [org.apache.http.wire]-[DEBUG]  << "Content-Type: application/octet-stream[\r][\n]"
2016-08-25 15:02:41,486 [main] [org.apache.http.wire]-[DEBUG]  << "Content-Length: 111[\r][\n]"
2016-08-25 15:02:41,486 [main] [org.apache.http.wire]-[DEBUG]  << "Date: Thu, 25 Aug 2016 07:02:41 GMT[\r][\n]"
2016-08-25 15:02:41,487 [main] [org.apache.http.wire]-[DEBUG]  << "Connection: close[\r][\n]"
2016-08-25 15:02:41,487 [main] [org.apache.http.wire]-[DEBUG]  << "[\r][\n]"
2016-08-25 15:02:41,488 [main] [org.apache.http.impl.conn.DefaultClientConnection]-[DEBUG] Receiving response: HTTP/1.1 400 Bad Request
2016-08-25 15:02:41,488 [main] [org.apache.http.headers]-[DEBUG] << HTTP/1.1 400 Bad Request
2016-08-25 15:02:41,488 [main] [org.apache.http.headers]-[DEBUG] << Server: Apache-Coyote/1.1
2016-08-25 15:02:41,489 [main] [org.apache.http.headers]-[DEBUG] << Content-Type: application/octet-stream
2016-08-25 15:02:41,489 [main] [org.apache.http.headers]-[DEBUG] << Content-Length: 111
2016-08-25 15:02:41,489 [main] [org.apache.http.headers]-[DEBUG] << Date: Thu, 25 Aug 2016 07:02:41 GMT
2016-08-25 15:02:41,489 [main] [org.apache.http.headers]-[DEBUG] << Connection: close
2016-08-25 15:02:41,521 [main] [org.apache.http.wire]-[DEBUG]  << "[0x2][0xa2][0xe0].responseHeader[0xa2][0xe0]&statusP[0x19][0xe0]%QTime[0x6][0x0][0x0][0x0][0x0][0xe0]%error[0xa2][0xe0]#msg?[0x10]ERROR: [doc=test001] unknown field 'item_title'[0xe0]$codeP[0x19]"
2016-08-25 15:02:41,523 [main] [org.apache.http.impl.conn.DefaultClientConnection]-[DEBUG] Connection 0.0.0.0:51465<->192.168.1.56:8080 closed
2016-08-25 15:02:41,524 [main] [org.apache.http.impl.conn.PoolingClientConnectionManager]-[DEBUG] Connection released: [id: 0][route: {}->http://192.168.1.56:8080][total kept alive: 0; route allocated: 0 of 32; total allocated: 0 of 128]
2016-08-25 15:07:22,132 [main] [org.apache.solr.client.solrj.impl.HttpClientUtil]-[DEBUG] Creating new http client, config:maxConnections=128&maxConnectionsPerHost=32&followRedirects=false
2016-08-25 15:07:23,277 [main] [org.apache.http.impl.conn.PoolingClientConnectionManager]-[DEBUG] Connection request: [route: {}->http://192.168.1.56:8080][total kept alive: 0; route allocated: 0 of 32; total allocated: 0 of 128]
2016-08-25 15:07:23,306 [main] [org.apache.http.impl.conn.PoolingClientConnectionManager]-[DEBUG] Connection leased: [id: 0][route: {}->http://192.168.1.56:8080][total kept alive: 0; route allocated: 1 of 32; total allocated: 1 of 128]
2016-08-25 15:07:23,311 [main] [org.apache.http.impl.conn.DefaultClientConnectionOperator]-[DEBUG] Connecting to 192.168.1.56:8080
2016-08-25 15:07:23,360 [main] [org.apache.http.client.protocol.RequestAddCookies]-[DEBUG] CookieSpec selected: best-match
2016-08-25 15:07:23,390 [main] [org.apache.http.client.protocol.RequestAuthCache]-[DEBUG] Auth cache not set in the context
2016-08-25 15:07:23,391 [main] [org.apache.http.client.protocol.RequestTargetAuthentication]-[DEBUG] Target auth state: UNCHALLENGED
2016-08-25 15:07:23,392 [main] [org.apache.http.client.protocol.RequestProxyAuthentication]-[DEBUG] Proxy auth state: UNCHALLENGED
2016-08-25 15:07:23,393 [main] [org.apache.http.impl.client.SystemDefaultHttpClient]-[DEBUG] Attempt 1 to execute request
2016-08-25 15:07:23,393 [main] [org.apache.http.impl.conn.DefaultClientConnection]-[DEBUG] Sending request: POST /solr/collection1/update?wt=javabin&version=2 HTTP/1.1
2016-08-25 15:07:23,395 [main] [org.apache.http.wire]-[DEBUG]  >> "POST /solr/collection1/update?wt=javabin&version=2 HTTP/1.1[\r][\n]"
2016-08-25 15:07:23,398 [main] [org.apache.http.wire]-[DEBUG]  >> "User-Agent: Solr[org.apache.solr.client.solrj.impl.HttpSolrServer] 1.0[\r][\n]"
2016-08-25 15:07:23,398 [main] [org.apache.http.wire]-[DEBUG]  >> "Transfer-Encoding: chunked[\r][\n]"
2016-08-25 15:07:23,398 [main] [org.apache.http.wire]-[DEBUG]  >> "Content-Type: application/xml; charset=UTF-8[\r][\n]"
2016-08-25 15:07:23,398 [main] [org.apache.http.wire]-[DEBUG]  >> "Host: 192.168.1.56:8080[\r][\n]"
2016-08-25 15:07:23,399 [main] [org.apache.http.wire]-[DEBUG]  >> "Connection: Keep-Alive[\r][\n]"
2016-08-25 15:07:23,399 [main] [org.apache.http.wire]-[DEBUG]  >> "[\r][\n]"
2016-08-25 15:07:23,399 [main] [org.apache.http.headers]-[DEBUG] >> POST /solr/collection1/update?wt=javabin&version=2 HTTP/1.1
2016-08-25 15:07:23,400 [main] [org.apache.http.headers]-[DEBUG] >> User-Agent: Solr[org.apache.solr.client.solrj.impl.HttpSolrServer] 1.0
2016-08-25 15:07:23,400 [main] [org.apache.http.headers]-[DEBUG] >> Transfer-Encoding: chunked
2016-08-25 15:07:23,400 [main] [org.apache.http.headers]-[DEBUG] >> Content-Type: application/xml; charset=UTF-8
2016-08-25 15:07:23,400 [main] [org.apache.http.headers]-[DEBUG] >> Host: 192.168.1.56:8080
2016-08-25 15:07:23,400 [main] [org.apache.http.headers]-[DEBUG] >> Connection: Keep-Alive
2016-08-25 15:07:23,401 [main] [org.apache.http.wire]-[DEBUG]  >> "96[\r][\n]"
2016-08-25 15:07:23,402 [main] [org.apache.http.wire]-[DEBUG]  >> "<add><doc boost="1.0"><field name="id">test001</field><field name="item_title">[0xe6][0xb5][0x8b][0xe8][0xaf][0x95][0xe5][0x95][0x86][0xe5][0x93][0x81]2</field><field name="item_price">54321</field></doc></add>"
2016-08-25 15:07:23,402 [main] [org.apache.http.wire]-[DEBUG]  >> "[\r][\n]"
2016-08-25 15:07:23,402 [main] [org.apache.http.wire]-[DEBUG]  >> "0[\r][\n]"
2016-08-25 15:07:23,402 [main] [org.apache.http.wire]-[DEBUG]  >> "[\r][\n]"
2016-08-25 15:07:23,424 [main] [org.apache.http.wire]-[DEBUG]  << "HTTP/1.1 400 Bad Request[\r][\n]"
2016-08-25 15:07:23,428 [main] [org.apache.http.wire]-[DEBUG]  << "Server: Apache-Coyote/1.1[\r][\n]"
2016-08-25 15:07:23,429 [main] [org.apache.http.wire]-[DEBUG]  << "Content-Type: application/octet-stream[\r][\n]"
2016-08-25 15:07:23,429 [main] [org.apache.http.wire]-[DEBUG]  << "Content-Length: 107[\r][\n]"
2016-08-25 15:07:23,429 [main] [org.apache.http.wire]-[DEBUG]  << "Date: Thu, 25 Aug 2016 07:07:23 GMT[\r][\n]"
2016-08-25 15:07:23,429 [main] [org.apache.http.wire]-[DEBUG]  << "Connection: close[\r][\n]"
2016-08-25 15:07:23,430 [main] [org.apache.http.wire]-[DEBUG]  << "[\r][\n]"
2016-08-25 15:07:23,431 [main] [org.apache.http.impl.conn.DefaultClientConnection]-[DEBUG] Receiving response: HTTP/1.1 400 Bad Request
2016-08-25 15:07:23,432 [main] [org.apache.http.headers]-[DEBUG] << HTTP/1.1 400 Bad Request
2016-08-25 15:07:23,432 [main] [org.apache.http.headers]-[DEBUG] << Server: Apache-Coyote/1.1
2016-08-25 15:07:23,432 [main] [org.apache.http.headers]-[DEBUG] << Content-Type: application/octet-stream
2016-08-25 15:07:23,432 [main] [org.apache.http.headers]-[DEBUG] << Content-Length: 107
2016-08-25 15:07:23,433 [main] [org.apache.http.headers]-[DEBUG] << Date: Thu, 25 Aug 2016 07:07:23 GMT
2016-08-25 15:07:23,433 [main] [org.apache.http.headers]-[DEBUG] << Connection: close
2016-08-25 15:07:23,477 [main] [org.apache.http.wire]-[DEBUG]  << "[0x2][0xa2][0xe0].responseHeader[0xa2][0xe0]&statusP[0x19][0xe0]%QTimeA[0xe0]%error[0xa2][0xe0]#msg?[0x10]ERROR: [doc=test001] unknown field 'item_title'[0xe0]$codeP[0x19]"
2016-08-25 15:07:23,481 [main] [org.apache.http.impl.conn.DefaultClientConnection]-[DEBUG] Connection 0.0.0.0:51576<->192.168.1.56:8080 closed
2016-08-25 15:07:23,481 [main] [org.apache.http.impl.conn.PoolingClientConnectionManager]-[DEBUG] Connection released: [id: 0][route: {}->http://192.168.1.56:8080][total kept alive: 0; route allocated: 0 of 32; total allocated: 0 of 128]
2016-08-25 15:08:35,588 [main] [org.apache.solr.client.solrj.impl.HttpClientUtil]-[DEBUG] Creating new http client, config:maxConnections=128&maxConnectionsPerHost=32&followRedirects=false
2016-08-25 15:08:42,309 [main] [org.apache.http.impl.conn.PoolingClientConnectionManager]-[DEBUG] Connection request: [route: {}->http://192.168.1.56:8080][total kept alive: 0; route allocated: 0 of 32; total allocated: 0 of 128]
2016-08-25 15:08:42,405 [main] [org.apache.http.impl.conn.PoolingClientConnectionManager]-[DEBUG] Connection leased: [id: 0][route: {}->http://192.168.1.56:8080][total kept alive: 0; route allocated: 1 of 32; total allocated: 1 of 128]
2016-08-25 15:08:42,415 [main] [org.apache.http.impl.conn.DefaultClientConnectionOperator]-[DEBUG] Connecting to 192.168.1.56:8080
2016-08-25 15:08:42,567 [main] [org.apache.http.client.protocol.RequestAddCookies]-[DEBUG] CookieSpec selected: best-match
2016-08-25 15:08:42,662 [main] [org.apache.http.client.protocol.RequestAuthCache]-[DEBUG] Auth cache not set in the context
2016-08-25 15:08:42,663 [main] [org.apache.http.client.protocol.RequestTargetAuthentication]-[DEBUG] Target auth state: UNCHALLENGED
2016-08-25 15:08:42,667 [main] [org.apache.http.client.protocol.RequestProxyAuthentication]-[DEBUG] Proxy auth state: UNCHALLENGED
2016-08-25 15:08:42,668 [main] [org.apache.http.impl.client.SystemDefaultHttpClient]-[DEBUG] Attempt 1 to execute request
2016-08-25 15:08:42,668 [main] [org.apache.http.impl.conn.DefaultClientConnection]-[DEBUG] Sending request: POST /solr/collection1/update?wt=javabin&version=2 HTTP/1.1
2016-08-25 15:08:42,670 [main] [org.apache.http.wire]-[DEBUG]  >> "POST /solr/collection1/update?wt=javabin&version=2 HTTP/1.1[\r][\n]"
2016-08-25 15:08:42,678 [main] [org.apache.http.wire]-[DEBUG]  >> "User-Agent: Solr[org.apache.solr.client.solrj.impl.HttpSolrServer] 1.0[\r][\n]"
2016-08-25 15:08:42,679 [main] [org.apache.http.wire]-[DEBUG]  >> "Transfer-Encoding: chunked[\r][\n]"
2016-08-25 15:08:42,680 [main] [org.apache.http.wire]-[DEBUG]  >> "Content-Type: application/xml; charset=UTF-8[\r][\n]"
2016-08-25 15:08:42,680 [main] [org.apache.http.wire]-[DEBUG]  >> "Host: 192.168.1.56:8080[\r][\n]"
2016-08-25 15:08:42,681 [main] [org.apache.http.wire]-[DEBUG]  >> "Connection: Keep-Alive[\r][\n]"
2016-08-25 15:08:42,682 [main] [org.apache.http.wire]-[DEBUG]  >> "[\r][\n]"
2016-08-25 15:08:42,682 [main] [org.apache.http.headers]-[DEBUG] >> POST /solr/collection1/update?wt=javabin&version=2 HTTP/1.1
2016-08-25 15:08:42,683 [main] [org.apache.http.headers]-[DEBUG] >> User-Agent: Solr[org.apache.solr.client.solrj.impl.HttpSolrServer] 1.0
2016-08-25 15:08:42,684 [main] [org.apache.http.headers]-[DEBUG] >> Transfer-Encoding: chunked
2016-08-25 15:08:42,684 [main] [org.apache.http.headers]-[DEBUG] >> Content-Type: application/xml; charset=UTF-8
2016-08-25 15:08:42,685 [main] [org.apache.http.headers]-[DEBUG] >> Host: 192.168.1.56:8080
2016-08-25 15:08:42,685 [main] [org.apache.http.headers]-[DEBUG] >> Connection: Keep-Alive
2016-08-25 15:08:42,686 [main] [org.apache.http.wire]-[DEBUG]  >> "68[\r][\n]"
2016-08-25 15:08:42,687 [main] [org.apache.http.wire]-[DEBUG]  >> "<add><doc boost="1.0"><field name="id">test001</field><field name="item_price">54321</field></doc></add>"
2016-08-25 15:08:42,688 [main] [org.apache.http.wire]-[DEBUG]  >> "[\r][\n]"
2016-08-25 15:08:42,689 [main] [org.apache.http.wire]-[DEBUG]  >> "0[\r][\n]"
2016-08-25 15:08:42,689 [main] [org.apache.http.wire]-[DEBUG]  >> "[\r][\n]"
2016-08-25 15:08:42,693 [main] [org.apache.http.wire]-[DEBUG]  << "HTTP/1.1 400 Bad Request[\r][\n]"
2016-08-25 15:08:42,702 [main] [org.apache.http.wire]-[DEBUG]  << "Server: Apache-Coyote/1.1[\r][\n]"
2016-08-25 15:08:42,703 [main] [org.apache.http.wire]-[DEBUG]  << "Content-Type: application/octet-stream[\r][\n]"
2016-08-25 15:08:42,703 [main] [org.apache.http.wire]-[DEBUG]  << "Content-Length: 111[\r][\n]"
2016-08-25 15:08:42,704 [main] [org.apache.http.wire]-[DEBUG]  << "Date: Thu, 25 Aug 2016 07:08:42 GMT[\r][\n]"
2016-08-25 15:08:42,705 [main] [org.apache.http.wire]-[DEBUG]  << "Connection: close[\r][\n]"
2016-08-25 15:08:42,705 [main] [org.apache.http.wire]-[DEBUG]  << "[\r][\n]"
2016-08-25 15:08:42,710 [main] [org.apache.http.impl.conn.DefaultClientConnection]-[DEBUG] Receiving response: HTTP/1.1 400 Bad Request
2016-08-25 15:08:42,710 [main] [org.apache.http.headers]-[DEBUG] << HTTP/1.1 400 Bad Request
2016-08-25 15:08:42,711 [main] [org.apache.http.headers]-[DEBUG] << Server: Apache-Coyote/1.1
2016-08-25 15:08:42,712 [main] [org.apache.http.headers]-[DEBUG] << Content-Type: application/octet-stream
2016-08-25 15:08:42,712 [main] [org.apache.http.headers]-[DEBUG] << Content-Length: 111
2016-08-25 15:08:42,713 [main] [org.apache.http.headers]-[DEBUG] << Date: Thu, 25 Aug 2016 07:08:42 GMT
2016-08-25 15:08:42,713 [main] [org.apache.http.headers]-[DEBUG] << Connection: close
2016-08-25 15:08:42,840 [main] [org.apache.http.wire]-[DEBUG]  << "[0x2][0xa2][0xe0].responseHeader[0xa2][0xe0]&statusP[0x19][0xe0]%QTime[0x6][0x0][0x0][0x0][0x0][0xe0]%error[0xa2][0xe0]#msg?[0x10]ERROR: [doc=test001] unknown field 'item_price'[0xe0]$codeP[0x19]"
2016-08-25 15:08:42,846 [main] [org.apache.http.impl.conn.DefaultClientConnection]-[DEBUG] Connection 0.0.0.0:51588<->192.168.1.56:8080 closed
2016-08-25 15:08:42,847 [main] [org.apache.http.impl.conn.PoolingClientConnectionManager]-[DEBUG] Connection released: [id: 0][route: {}->http://192.168.1.56:8080][total kept alive: 0; route allocated: 0 of 32; total allocated: 0 of 128]
2016-08-25 15:09:08,193 [main] [org.apache.solr.client.solrj.impl.HttpClientUtil]-[DEBUG] Creating new http client, config:maxConnections=128&maxConnectionsPerHost=32&followRedirects=false
2016-08-25 15:09:08,651 [main] [org.apache.http.impl.conn.PoolingClientConnectionManager]-[DEBUG] Connection request: [route: {}->http://192.168.1.56:8080][total kept alive: 0; route allocated: 0 of 32; total allocated: 0 of 128]
2016-08-25 15:09:08,679 [main] [org.apache.http.impl.conn.PoolingClientConnectionManager]-[DEBUG] Connection leased: [id: 0][route: {}->http://192.168.1.56:8080][total kept alive: 0; route allocated: 1 of 32; total allocated: 1 of 128]
2016-08-25 15:09:08,682 [main] [org.apache.http.impl.conn.DefaultClientConnectionOperator]-[DEBUG] Connecting to 192.168.1.56:8080
2016-08-25 15:09:08,722 [main] [org.apache.http.client.protocol.RequestAddCookies]-[DEBUG] CookieSpec selected: best-match
2016-08-25 15:09:08,742 [main] [org.apache.http.client.protocol.RequestAuthCache]-[DEBUG] Auth cache not set in the context
2016-08-25 15:09:08,742 [main] [org.apache.http.client.protocol.RequestTargetAuthentication]-[DEBUG] Target auth state: UNCHALLENGED
2016-08-25 15:09:08,744 [main] [org.apache.http.client.protocol.RequestProxyAuthentication]-[DEBUG] Proxy auth state: UNCHALLENGED
2016-08-25 15:09:08,744 [main] [org.apache.http.impl.client.SystemDefaultHttpClient]-[DEBUG] Attempt 1 to execute request
2016-08-25 15:09:08,744 [main] [org.apache.http.impl.conn.DefaultClientConnection]-[DEBUG] Sending request: POST /solr/collection1/update?wt=javabin&version=2 HTTP/1.1
2016-08-25 15:09:08,745 [main] [org.apache.http.wire]-[DEBUG]  >> "POST /solr/collection1/update?wt=javabin&version=2 HTTP/1.1[\r][\n]"
2016-08-25 15:09:08,747 [main] [org.apache.http.wire]-[DEBUG]  >> "User-Agent: Solr[org.apache.solr.client.solrj.impl.HttpSolrServer] 1.0[\r][\n]"
2016-08-25 15:09:08,747 [main] [org.apache.http.wire]-[DEBUG]  >> "Transfer-Encoding: chunked[\r][\n]"
2016-08-25 15:09:08,748 [main] [org.apache.http.wire]-[DEBUG]  >> "Content-Type: application/xml; charset=UTF-8[\r][\n]"
2016-08-25 15:09:08,748 [main] [org.apache.http.wire]-[DEBUG]  >> "Host: 192.168.1.56:8080[\r][\n]"
2016-08-25 15:09:08,748 [main] [org.apache.http.wire]-[DEBUG]  >> "Connection: Keep-Alive[\r][\n]"
2016-08-25 15:09:08,748 [main] [org.apache.http.wire]-[DEBUG]  >> "[\r][\n]"
2016-08-25 15:09:08,748 [main] [org.apache.http.headers]-[DEBUG] >> POST /solr/collection1/update?wt=javabin&version=2 HTTP/1.1
2016-08-25 15:09:08,748 [main] [org.apache.http.headers]-[DEBUG] >> User-Agent: Solr[org.apache.solr.client.solrj.impl.HttpSolrServer] 1.0
2016-08-25 15:09:08,749 [main] [org.apache.http.headers]-[DEBUG] >> Transfer-Encoding: chunked
2016-08-25 15:09:08,749 [main] [org.apache.http.headers]-[DEBUG] >> Content-Type: application/xml; charset=UTF-8
2016-08-25 15:09:08,749 [main] [org.apache.http.headers]-[DEBUG] >> Host: 192.168.1.56:8080
2016-08-25 15:09:08,749 [main] [org.apache.http.headers]-[DEBUG] >> Connection: Keep-Alive
2016-08-25 15:09:08,750 [main] [org.apache.http.wire]-[DEBUG]  >> "42[\r][\n]"
2016-08-25 15:09:08,750 [main] [org.apache.http.wire]-[DEBUG]  >> "<add><doc boost="1.0"><field name="id">test001</field></doc></add>"
2016-08-25 15:09:08,750 [main] [org.apache.http.wire]-[DEBUG]  >> "[\r][\n]"
2016-08-25 15:09:08,750 [main] [org.apache.http.wire]-[DEBUG]  >> "0[\r][\n]"
2016-08-25 15:09:08,750 [main] [org.apache.http.wire]-[DEBUG]  >> "[\r][\n]"
2016-08-25 15:09:09,040 [main] [org.apache.http.wire]-[DEBUG]  << "HTTP/1.1 200 OK[\r][\n]"
2016-08-25 15:09:09,046 [main] [org.apache.http.wire]-[DEBUG]  << "Server: Apache-Coyote/1.1[\r][\n]"
2016-08-25 15:09:09,047 [main] [org.apache.http.wire]-[DEBUG]  << "Content-Type: application/octet-stream[\r][\n]"
2016-08-25 15:09:09,047 [main] [org.apache.http.wire]-[DEBUG]  << "Content-Length: 41[\r][\n]"
2016-08-25 15:09:09,048 [main] [org.apache.http.wire]-[DEBUG]  << "Date: Thu, 25 Aug 2016 07:09:09 GMT[\r][\n]"
2016-08-25 15:09:09,048 [main] [org.apache.http.wire]-[DEBUG]  << "[\r][\n]"
2016-08-25 15:09:09,051 [main] [org.apache.http.impl.conn.DefaultClientConnection]-[DEBUG] Receiving response: HTTP/1.1 200 OK
2016-08-25 15:09:09,052 [main] [org.apache.http.headers]-[DEBUG] << HTTP/1.1 200 OK
2016-08-25 15:09:09,052 [main] [org.apache.http.headers]-[DEBUG] << Server: Apache-Coyote/1.1
2016-08-25 15:09:09,053 [main] [org.apache.http.headers]-[DEBUG] << Content-Type: application/octet-stream
2016-08-25 15:09:09,053 [main] [org.apache.http.headers]-[DEBUG] << Content-Length: 41
2016-08-25 15:09:09,053 [main] [org.apache.http.headers]-[DEBUG] << Date: Thu, 25 Aug 2016 07:09:09 GMT
2016-08-25 15:09:09,060 [main] [org.apache.http.impl.client.SystemDefaultHttpClient]-[DEBUG] Connection can be kept alive indefinitely
2016-08-25 15:09:09,092 [main] [org.apache.http.wire]-[DEBUG]  << "[0x2][0xa1][0xe0].responseHeader[0xa2][0xe0]&status[0x6][0x0][0x0][0x0][0x0][0xe0]%QTime_[0x11]"
2016-08-25 15:09:09,094 [main] [org.apache.http.impl.conn.PoolingClientConnectionManager]-[DEBUG] Connection [id: 0][route: {}->http://192.168.1.56:8080] can be kept alive indefinitely
2016-08-25 15:09:09,094 [main] [org.apache.http.impl.conn.PoolingClientConnectionManager]-[DEBUG] Connection released: [id: 0][route: {}->http://192.168.1.56:8080][total kept alive: 1; route allocated: 1 of 32; total allocated: 1 of 128]
2016-08-25 15:09:09,118 [main] [org.apache.http.impl.conn.PoolingClientConnectionManager]-[DEBUG] Connection request: [route: {}->http://192.168.1.56:8080][total kept alive: 1; route allocated: 1 of 32; total allocated: 1 of 128]
2016-08-25 15:09:09,118 [main] [org.apache.http.impl.conn.PoolingClientConnectionManager]-[DEBUG] Connection leased: [id: 0][route: {}->http://192.168.1.56:8080][total kept alive: 0; route allocated: 1 of 32; total allocated: 1 of 128]
2016-08-25 15:09:09,118 [main] [org.apache.http.impl.client.SystemDefaultHttpClient]-[DEBUG] Stale connection check
2016-08-25 15:09:09,121 [main] [org.apache.http.client.protocol.RequestAddCookies]-[DEBUG] CookieSpec selected: best-match
2016-08-25 15:09:09,121 [main] [org.apache.http.client.protocol.RequestAuthCache]-[DEBUG] Auth cache not set in the context
2016-08-25 15:09:09,121 [main] [org.apache.http.client.protocol.RequestTargetAuthentication]-[DEBUG] Target auth state: UNCHALLENGED
2016-08-25 15:09:09,121 [main] [org.apache.http.client.protocol.RequestProxyAuthentication]-[DEBUG] Proxy auth state: UNCHALLENGED
2016-08-25 15:09:09,122 [main] [org.apache.http.impl.client.SystemDefaultHttpClient]-[DEBUG] Attempt 1 to execute request
2016-08-25 15:09:09,122 [main] [org.apache.http.impl.conn.DefaultClientConnection]-[DEBUG] Sending request: POST /solr/collection1/update HTTP/1.1
2016-08-25 15:09:09,122 [main] [org.apache.http.wire]-[DEBUG]  >> "POST /solr/collection1/update HTTP/1.1[\r][\n]"
2016-08-25 15:09:09,122 [main] [org.apache.http.wire]-[DEBUG]  >> "Content-Type: application/x-www-form-urlencoded; charset=UTF-8[\r][\n]"
2016-08-25 15:09:09,122 [main] [org.apache.http.wire]-[DEBUG]  >> "User-Agent: Solr[org.apache.solr.client.solrj.impl.HttpSolrServer] 1.0[\r][\n]"
2016-08-25 15:09:09,123 [main] [org.apache.http.wire]-[DEBUG]  >> "Content-Length: 67[\r][\n]"
2016-08-25 15:09:09,123 [main] [org.apache.http.wire]-[DEBUG]  >> "Host: 192.168.1.56:8080[\r][\n]"
2016-08-25 15:09:09,123 [main] [org.apache.http.wire]-[DEBUG]  >> "Connection: Keep-Alive[\r][\n]"
2016-08-25 15:09:09,123 [main] [org.apache.http.wire]-[DEBUG]  >> "[\r][\n]"
2016-08-25 15:09:09,123 [main] [org.apache.http.headers]-[DEBUG] >> POST /solr/collection1/update HTTP/1.1
2016-08-25 15:09:09,124 [main] [org.apache.http.headers]-[DEBUG] >> Content-Type: application/x-www-form-urlencoded; charset=UTF-8
2016-08-25 15:09:09,124 [main] [org.apache.http.headers]-[DEBUG] >> User-Agent: Solr[org.apache.solr.client.solrj.impl.HttpSolrServer] 1.0
2016-08-25 15:09:09,124 [main] [org.apache.http.headers]-[DEBUG] >> Content-Length: 67
2016-08-25 15:09:09,124 [main] [org.apache.http.headers]-[DEBUG] >> Host: 192.168.1.56:8080
2016-08-25 15:09:09,124 [main] [org.apache.http.headers]-[DEBUG] >> Connection: Keep-Alive
2016-08-25 15:09:09,125 [main] [org.apache.http.wire]-[DEBUG]  >> "commit=true&softCommit=false&waitSearcher=true&wt=javabin&version=2"
2016-08-25 15:09:09,732 [main] [org.apache.http.wire]-[DEBUG]  << "HTTP/1.1 200 OK[\r][\n]"
2016-08-25 15:09:09,733 [main] [org.apache.http.wire]-[DEBUG]  << "Server: Apache-Coyote/1.1[\r][\n]"
2016-08-25 15:09:09,733 [main] [org.apache.http.wire]-[DEBUG]  << "Content-Type: application/octet-stream[\r][\n]"
2016-08-25 15:09:09,734 [main] [org.apache.http.wire]-[DEBUG]  << "Content-Length: 41[\r][\n]"
2016-08-25 15:09:09,734 [main] [org.apache.http.wire]-[DEBUG]  << "Date: Thu, 25 Aug 2016 07:09:09 GMT[\r][\n]"
2016-08-25 15:09:09,735 [main] [org.apache.http.wire]-[DEBUG]  << "[\r][\n]"
2016-08-25 15:09:09,735 [main] [org.apache.http.impl.conn.DefaultClientConnection]-[DEBUG] Receiving response: HTTP/1.1 200 OK
2016-08-25 15:09:09,736 [main] [org.apache.http.headers]-[DEBUG] << HTTP/1.1 200 OK
2016-08-25 15:09:09,736 [main] [org.apache.http.headers]-[DEBUG] << Server: Apache-Coyote/1.1
2016-08-25 15:09:09,737 [main] [org.apache.http.headers]-[DEBUG] << Content-Type: application/octet-stream
2016-08-25 15:09:09,737 [main] [org.apache.http.headers]-[DEBUG] << Content-Length: 41
2016-08-25 15:09:09,737 [main] [org.apache.http.headers]-[DEBUG] << Date: Thu, 25 Aug 2016 07:09:09 GMT
2016-08-25 15:09:09,738 [main] [org.apache.http.impl.client.SystemDefaultHttpClient]-[DEBUG] Connection can be kept alive indefinitely
2016-08-25 15:09:09,739 [main] [org.apache.http.wire]-[DEBUG]  << "[0x2][0xa1][0xe0].responseHeader[0xa2][0xe0]&status[0x6][0x0][0x0][0x0][0x0][0xe0]%QTime]%"
2016-08-25 15:09:09,740 [main] [org.apache.http.impl.conn.PoolingClientConnectionManager]-[DEBUG] Connection [id: 0][route: {}->http://192.168.1.56:8080] can be kept alive indefinitely
2016-08-25 15:09:09,741 [main] [org.apache.http.impl.conn.PoolingClientConnectionManager]-[DEBUG] Connection released: [id: 0][route: {}->http://192.168.1.56:8080][total kept alive: 1; route allocated: 1 of 32; total allocated: 1 of 128]
2016-08-25 15:23:25,881 [main] [org.apache.solr.client.solrj.impl.HttpClientUtil]-[DEBUG] Creating new http client, config:maxConnections=128&maxConnectionsPerHost=32&followRedirects=false
2016-08-25 15:23:26,369 [main] [org.apache.http.impl.conn.PoolingClientConnectionManager]-[DEBUG] Connection request: [route: {}->http://192.168.1.56:8080][total kept alive: 0; route allocated: 0 of 32; total allocated: 0 of 128]
2016-08-25 15:23:26,395 [main] [org.apache.http.impl.conn.PoolingClientConnectionManager]-[DEBUG] Connection leased: [id: 0][route: {}->http://192.168.1.56:8080][total kept alive: 0; route allocated: 1 of 32; total allocated: 1 of 128]
2016-08-25 15:23:26,398 [main] [org.apache.http.impl.conn.DefaultClientConnectionOperator]-[DEBUG] Connecting to 192.168.1.56:8080
2016-08-25 15:23:26,451 [main] [org.apache.http.client.protocol.RequestAddCookies]-[DEBUG] CookieSpec selected: best-match
2016-08-25 15:23:26,484 [main] [org.apache.http.client.protocol.RequestAuthCache]-[DEBUG] Auth cache not set in the context
2016-08-25 15:23:26,485 [main] [org.apache.http.client.protocol.RequestTargetAuthentication]-[DEBUG] Target auth state: UNCHALLENGED
2016-08-25 15:23:26,486 [main] [org.apache.http.client.protocol.RequestProxyAuthentication]-[DEBUG] Proxy auth state: UNCHALLENGED
2016-08-25 15:23:26,487 [main] [org.apache.http.impl.client.SystemDefaultHttpClient]-[DEBUG] Attempt 1 to execute request
2016-08-25 15:23:26,487 [main] [org.apache.http.impl.conn.DefaultClientConnection]-[DEBUG] Sending request: POST /solr/collection1/update?wt=javabin&version=2 HTTP/1.1
2016-08-25 15:23:26,489 [main] [org.apache.http.wire]-[DEBUG]  >> "POST /solr/collection1/update?wt=javabin&version=2 HTTP/1.1[\r][\n]"
2016-08-25 15:23:26,492 [main] [org.apache.http.wire]-[DEBUG]  >> "User-Agent: Solr[org.apache.solr.client.solrj.impl.HttpSolrServer] 1.0[\r][\n]"
2016-08-25 15:23:26,492 [main] [org.apache.http.wire]-[DEBUG]  >> "Transfer-Encoding: chunked[\r][\n]"
2016-08-25 15:23:26,492 [main] [org.apache.http.wire]-[DEBUG]  >> "Content-Type: application/xml; charset=UTF-8[\r][\n]"
2016-08-25 15:23:26,493 [main] [org.apache.http.wire]-[DEBUG]  >> "Host: 192.168.1.56:8080[\r][\n]"
2016-08-25 15:23:26,493 [main] [org.apache.http.wire]-[DEBUG]  >> "Connection: Keep-Alive[\r][\n]"
2016-08-25 15:23:26,493 [main] [org.apache.http.wire]-[DEBUG]  >> "[\r][\n]"
2016-08-25 15:23:26,494 [main] [org.apache.http.headers]-[DEBUG] >> POST /solr/collection1/update?wt=javabin&version=2 HTTP/1.1
2016-08-25 15:23:26,494 [main] [org.apache.http.headers]-[DEBUG] >> User-Agent: Solr[org.apache.solr.client.solrj.impl.HttpSolrServer] 1.0
2016-08-25 15:23:26,494 [main] [org.apache.http.headers]-[DEBUG] >> Transfer-Encoding: chunked
2016-08-25 15:23:26,494 [main] [org.apache.http.headers]-[DEBUG] >> Content-Type: application/xml; charset=UTF-8
2016-08-25 15:23:26,495 [main] [org.apache.http.headers]-[DEBUG] >> Host: 192.168.1.56:8080
2016-08-25 15:23:26,495 [main] [org.apache.http.headers]-[DEBUG] >> Connection: Keep-Alive
2016-08-25 15:23:26,496 [main] [org.apache.http.wire]-[DEBUG]  >> "98[\r][\n]"
2016-08-25 15:23:26,496 [main] [org.apache.http.wire]-[DEBUG]  >> "<add><doc boost="1.0"><field name="id">test001</field><field name="title">[0xe6][0xb5][0x8b][0xe8][0xaf][0x95]</field><field name="description">[0xe8][0xbf][0x99][0xe6][0x98][0xaf][0xe4][0xb8][0x80][0xe4][0xb8][0xaa][0xe6][0xb5][0x8b][0xe8][0xaf][0x95]</field></doc></add>"
2016-08-25 15:23:26,497 [main] [org.apache.http.wire]-[DEBUG]  >> "[\r][\n]"
2016-08-25 15:23:26,497 [main] [org.apache.http.wire]-[DEBUG]  >> "0[\r][\n]"
2016-08-25 15:23:26,497 [main] [org.apache.http.wire]-[DEBUG]  >> "[\r][\n]"
2016-08-25 15:23:26,597 [main] [org.apache.http.wire]-[DEBUG]  << "HTTP/1.1 200 OK[\r][\n]"
2016-08-25 15:23:26,600 [main] [org.apache.http.wire]-[DEBUG]  << "Server: Apache-Coyote/1.1[\r][\n]"
2016-08-25 15:23:26,601 [main] [org.apache.http.wire]-[DEBUG]  << "Content-Type: application/octet-stream[\r][\n]"
2016-08-25 15:23:26,601 [main] [org.apache.http.wire]-[DEBUG]  << "Content-Length: 41[\r][\n]"
2016-08-25 15:23:26,602 [main] [org.apache.http.wire]-[DEBUG]  << "Date: Thu, 25 Aug 2016 07:23:26 GMT[\r][\n]"
2016-08-25 15:23:26,602 [main] [org.apache.http.wire]-[DEBUG]  << "[\r][\n]"
2016-08-25 15:23:26,604 [main] [org.apache.http.impl.conn.DefaultClientConnection]-[DEBUG] Receiving response: HTTP/1.1 200 OK
2016-08-25 15:23:26,604 [main] [org.apache.http.headers]-[DEBUG] << HTTP/1.1 200 OK
2016-08-25 15:23:26,605 [main] [org.apache.http.headers]-[DEBUG] << Server: Apache-Coyote/1.1
2016-08-25 15:23:26,605 [main] [org.apache.http.headers]-[DEBUG] << Content-Type: application/octet-stream
2016-08-25 15:23:26,605 [main] [org.apache.http.headers]-[DEBUG] << Content-Length: 41
2016-08-25 15:23:26,606 [main] [org.apache.http.headers]-[DEBUG] << Date: Thu, 25 Aug 2016 07:23:26 GMT
2016-08-25 15:23:26,611 [main] [org.apache.http.impl.client.SystemDefaultHttpClient]-[DEBUG] Connection can be kept alive indefinitely
2016-08-25 15:23:26,653 [main] [org.apache.http.wire]-[DEBUG]  << "[0x2][0xa1][0xe0].responseHeader[0xa2][0xe0]&status[0x6][0x0][0x0][0x0][0x0][0xe0]%QTimeQ[0x6]"
2016-08-25 15:23:26,655 [main] [org.apache.http.impl.conn.PoolingClientConnectionManager]-[DEBUG] Connection [id: 0][route: {}->http://192.168.1.56:8080] can be kept alive indefinitely
2016-08-25 15:23:26,656 [main] [org.apache.http.impl.conn.PoolingClientConnectionManager]-[DEBUG] Connection released: [id: 0][route: {}->http://192.168.1.56:8080][total kept alive: 1; route allocated: 1 of 32; total allocated: 1 of 128]
2016-08-25 15:23:26,661 [main] [org.apache.http.impl.conn.PoolingClientConnectionManager]-[DEBUG] Connection request: [route: {}->http://192.168.1.56:8080][total kept alive: 1; route allocated: 1 of 32; total allocated: 1 of 128]
2016-08-25 15:23:26,662 [main] [org.apache.http.impl.conn.PoolingClientConnectionManager]-[DEBUG] Connection leased: [id: 0][route: {}->http://192.168.1.56:8080][total kept alive: 0; route allocated: 1 of 32; total allocated: 1 of 128]
2016-08-25 15:23:26,662 [main] [org.apache.http.impl.client.SystemDefaultHttpClient]-[DEBUG] Stale connection check
2016-08-25 15:23:26,664 [main] [org.apache.http.client.protocol.RequestAddCookies]-[DEBUG] CookieSpec selected: best-match
2016-08-25 15:23:26,665 [main] [org.apache.http.client.protocol.RequestAuthCache]-[DEBUG] Auth cache not set in the context
2016-08-25 15:23:26,665 [main] [org.apache.http.client.protocol.RequestTargetAuthentication]-[DEBUG] Target auth state: UNCHALLENGED
2016-08-25 15:23:26,665 [main] [org.apache.http.client.protocol.RequestProxyAuthentication]-[DEBUG] Proxy auth state: UNCHALLENGED
2016-08-25 15:23:26,665 [main] [org.apache.http.impl.client.SystemDefaultHttpClient]-[DEBUG] Attempt 1 to execute request
2016-08-25 15:23:26,666 [main] [org.apache.http.impl.conn.DefaultClientConnection]-[DEBUG] Sending request: POST /solr/collection1/update HTTP/1.1
2016-08-25 15:23:26,666 [main] [org.apache.http.wire]-[DEBUG]  >> "POST /solr/collection1/update HTTP/1.1[\r][\n]"
2016-08-25 15:23:26,666 [main] [org.apache.http.wire]-[DEBUG]  >> "Content-Type: application/x-www-form-urlencoded; charset=UTF-8[\r][\n]"
2016-08-25 15:23:26,667 [main] [org.apache.http.wire]-[DEBUG]  >> "User-Agent: Solr[org.apache.solr.client.solrj.impl.HttpSolrServer] 1.0[\r][\n]"
2016-08-25 15:23:26,667 [main] [org.apache.http.wire]-[DEBUG]  >> "Content-Length: 67[\r][\n]"
2016-08-25 15:23:26,667 [main] [org.apache.http.wire]-[DEBUG]  >> "Host: 192.168.1.56:8080[\r][\n]"
2016-08-25 15:23:26,669 [main] [org.apache.http.wire]-[DEBUG]  >> "Connection: Keep-Alive[\r][\n]"
2016-08-25 15:23:26,669 [main] [org.apache.http.wire]-[DEBUG]  >> "[\r][\n]"
2016-08-25 15:23:26,669 [main] [org.apache.http.headers]-[DEBUG] >> POST /solr/collection1/update HTTP/1.1
2016-08-25 15:23:26,670 [main] [org.apache.http.headers]-[DEBUG] >> Content-Type: application/x-www-form-urlencoded; charset=UTF-8
2016-08-25 15:23:26,670 [main] [org.apache.http.headers]-[DEBUG] >> User-Agent: Solr[org.apache.solr.client.solrj.impl.HttpSolrServer] 1.0
2016-08-25 15:23:26,670 [main] [org.apache.http.headers]-[DEBUG] >> Content-Length: 67
2016-08-25 15:23:26,670 [main] [org.apache.http.headers]-[DEBUG] >> Host: 192.168.1.56:8080
2016-08-25 15:23:26,670 [main] [org.apache.http.headers]-[DEBUG] >> Connection: Keep-Alive
2016-08-25 15:23:26,671 [main] [org.apache.http.wire]-[DEBUG]  >> "commit=true&softCommit=false&waitSearcher=true&wt=javabin&version=2"
2016-08-25 15:23:27,330 [main] [org.apache.http.wire]-[DEBUG]  << "HTTP/1.1 200 OK[\r][\n]"
2016-08-25 15:23:27,330 [main] [org.apache.http.wire]-[DEBUG]  << "Server: Apache-Coyote/1.1[\r][\n]"
2016-08-25 15:23:27,331 [main] [org.apache.http.wire]-[DEBUG]  << "Content-Type: application/octet-stream[\r][\n]"
2016-08-25 15:23:27,331 [main] [org.apache.http.wire]-[DEBUG]  << "Content-Length: 41[\r][\n]"
2016-08-25 15:23:27,332 [main] [org.apache.http.wire]-[DEBUG]  << "Date: Thu, 25 Aug 2016 07:23:26 GMT[\r][\n]"
2016-08-25 15:23:27,332 [main] [org.apache.http.wire]-[DEBUG]  << "[\r][\n]"
2016-08-25 15:23:27,332 [main] [org.apache.http.impl.conn.DefaultClientConnection]-[DEBUG] Receiving response: HTTP/1.1 200 OK
2016-08-25 15:23:27,333 [main] [org.apache.http.headers]-[DEBUG] << HTTP/1.1 200 OK
2016-08-25 15:23:27,333 [main] [org.apache.http.headers]-[DEBUG] << Server: Apache-Coyote/1.1
2016-08-25 15:23:27,333 [main] [org.apache.http.headers]-[DEBUG] << Content-Type: application/octet-stream
2016-08-25 15:23:27,334 [main] [org.apache.http.headers]-[DEBUG] << Content-Length: 41
2016-08-25 15:23:27,334 [main] [org.apache.http.headers]-[DEBUG] << Date: Thu, 25 Aug 2016 07:23:26 GMT
2016-08-25 15:23:27,335 [main] [org.apache.http.impl.client.SystemDefaultHttpClient]-[DEBUG] Connection can be kept alive indefinitely
2016-08-25 15:23:27,336 [main] [org.apache.http.wire]-[DEBUG]  << "[0x2][0xa1][0xe0].responseHeader[0xa2][0xe0]&status[0x6][0x0][0x0][0x0][0x0][0xe0]%QTimeP)"
2016-08-25 15:23:27,336 [main] [org.apache.http.impl.conn.PoolingClientConnectionManager]-[DEBUG] Connection [id: 0][route: {}->http://192.168.1.56:8080] can be kept alive indefinitely
2016-08-25 15:23:27,337 [main] [org.apache.http.impl.conn.PoolingClientConnectionManager]-[DEBUG] Connection released: [id: 0][route: {}->http://192.168.1.56:8080][total kept alive: 1; route allocated: 1 of 32; total allocated: 1 of 128]
2016-08-25 15:26:37,802 [main] [org.apache.solr.client.solrj.impl.HttpClientUtil]-[DEBUG] Creating new http client, config:maxConnections=128&maxConnectionsPerHost=32&followRedirects=false
2016-08-25 15:26:38,258 [main] [org.apache.http.impl.conn.PoolingClientConnectionManager]-[DEBUG] Connection request: [route: {}->http://192.168.1.56:8080][total kept alive: 0; route allocated: 0 of 32; total allocated: 0 of 128]
2016-08-25 15:26:38,283 [main] [org.apache.http.impl.conn.PoolingClientConnectionManager]-[DEBUG] Connection leased: [id: 0][route: {}->http://192.168.1.56:8080][total kept alive: 0; route allocated: 1 of 32; total allocated: 1 of 128]
2016-08-25 15:26:38,287 [main] [org.apache.http.impl.conn.DefaultClientConnectionOperator]-[DEBUG] Connecting to 192.168.1.56:8080
2016-08-25 15:26:38,338 [main] [org.apache.http.client.protocol.RequestAddCookies]-[DEBUG] CookieSpec selected: best-match
2016-08-25 15:26:38,368 [main] [org.apache.http.client.protocol.RequestAuthCache]-[DEBUG] Auth cache not set in the context
2016-08-25 15:26:38,369 [main] [org.apache.http.client.protocol.RequestTargetAuthentication]-[DEBUG] Target auth state: UNCHALLENGED
2016-08-25 15:26:38,370 [main] [org.apache.http.client.protocol.RequestProxyAuthentication]-[DEBUG] Proxy auth state: UNCHALLENGED
2016-08-25 15:26:38,371 [main] [org.apache.http.impl.client.SystemDefaultHttpClient]-[DEBUG] Attempt 1 to execute request
2016-08-25 15:26:38,371 [main] [org.apache.http.impl.conn.DefaultClientConnection]-[DEBUG] Sending request: GET /solr/collection1/select?q=*%3A*&start=20&rows=50&wt=javabin&version=2 HTTP/1.1
2016-08-25 15:26:38,373 [main] [org.apache.http.wire]-[DEBUG]  >> "GET /solr/collection1/select?q=*%3A*&start=20&rows=50&wt=javabin&version=2 HTTP/1.1[\r][\n]"
2016-08-25 15:26:38,375 [main] [org.apache.http.wire]-[DEBUG]  >> "User-Agent: Solr[org.apache.solr.client.solrj.impl.HttpSolrServer] 1.0[\r][\n]"
2016-08-25 15:26:38,376 [main] [org.apache.http.wire]-[DEBUG]  >> "Host: 192.168.1.56:8080[\r][\n]"
2016-08-25 15:26:38,376 [main] [org.apache.http.wire]-[DEBUG]  >> "Connection: Keep-Alive[\r][\n]"
2016-08-25 15:26:38,376 [main] [org.apache.http.wire]-[DEBUG]  >> "[\r][\n]"
2016-08-25 15:26:38,377 [main] [org.apache.http.headers]-[DEBUG] >> GET /solr/collection1/select?q=*%3A*&start=20&rows=50&wt=javabin&version=2 HTTP/1.1
2016-08-25 15:26:38,377 [main] [org.apache.http.headers]-[DEBUG] >> User-Agent: Solr[org.apache.solr.client.solrj.impl.HttpSolrServer] 1.0
2016-08-25 15:26:38,377 [main] [org.apache.http.headers]-[DEBUG] >> Host: 192.168.1.56:8080
2016-08-25 15:26:38,378 [main] [org.apache.http.headers]-[DEBUG] >> Connection: Keep-Alive
2016-08-25 15:26:38,396 [main] [org.apache.http.wire]-[DEBUG]  << "HTTP/1.1 200 OK[\r][\n]"
2016-08-25 15:26:38,400 [main] [org.apache.http.wire]-[DEBUG]  << "Server: Apache-Coyote/1.1[\r][\n]"
2016-08-25 15:26:38,400 [main] [org.apache.http.wire]-[DEBUG]  << "Content-Type: application/octet-stream[\r][\n]"
2016-08-25 15:26:38,401 [main] [org.apache.http.wire]-[DEBUG]  << "Content-Length: 115[\r][\n]"
2016-08-25 15:26:38,401 [main] [org.apache.http.wire]-[DEBUG]  << "Date: Thu, 25 Aug 2016 07:26:38 GMT[\r][\n]"
2016-08-25 15:26:38,401 [main] [org.apache.http.wire]-[DEBUG]  << "[\r][\n]"
2016-08-25 15:26:38,403 [main] [org.apache.http.impl.conn.DefaultClientConnection]-[DEBUG] Receiving response: HTTP/1.1 200 OK
2016-08-25 15:26:38,403 [main] [org.apache.http.headers]-[DEBUG] << HTTP/1.1 200 OK
2016-08-25 15:26:38,404 [main] [org.apache.http.headers]-[DEBUG] << Server: Apache-Coyote/1.1
2016-08-25 15:26:38,404 [main] [org.apache.http.headers]-[DEBUG] << Content-Type: application/octet-stream
2016-08-25 15:26:38,404 [main] [org.apache.http.headers]-[DEBUG] << Content-Length: 115
2016-08-25 15:26:38,404 [main] [org.apache.http.headers]-[DEBUG] << Date: Thu, 25 Aug 2016 07:26:38 GMT
2016-08-25 15:26:38,410 [main] [org.apache.http.impl.client.SystemDefaultHttpClient]-[DEBUG] Connection can be kept alive indefinitely
2016-08-25 15:26:38,448 [main] [org.apache.http.wire]-[DEBUG]  << "[0x2][0xa2][0xe0].responseHeader[0xa3][0xe0]&status[0x6][0x0][0x0][0x0][0x0][0xe0]%QTimeB[0xe0]&params[0xa5][0xe0]%start"20[0xe0]!q#*:*[0xe0]"wt'javabin[0xe0]'version!2[0xe0]$rows"50[0xe0](response[0xc][0x83]bt[0x1][0x0][0x80]"
2016-08-25 15:26:38,452 [main] [org.apache.http.impl.conn.PoolingClientConnectionManager]-[DEBUG] Connection [id: 0][route: {}->http://192.168.1.56:8080] can be kept alive indefinitely
2016-08-25 15:26:38,453 [main] [org.apache.http.impl.conn.PoolingClientConnectionManager]-[DEBUG] Connection released: [id: 0][route: {}->http://192.168.1.56:8080][total kept alive: 1; route allocated: 1 of 32; total allocated: 1 of 128]
2016-08-25 15:36:59,889 [main] [org.apache.solr.client.solrj.impl.HttpClientUtil]-[DEBUG] Creating new http client, config:maxConnections=128&maxConnectionsPerHost=32&followRedirects=false
2016-08-25 15:37:02,327 [main] [org.apache.http.impl.conn.PoolingClientConnectionManager]-[DEBUG] Connection request: [route: {}->http://192.168.1.56:8080][total kept alive: 0; route allocated: 0 of 32; total allocated: 0 of 128]
2016-08-25 15:37:02,418 [main] [org.apache.http.impl.conn.PoolingClientConnectionManager]-[DEBUG] Connection leased: [id: 0][route: {}->http://192.168.1.56:8080][total kept alive: 0; route allocated: 1 of 32; total allocated: 1 of 128]
2016-08-25 15:37:02,424 [main] [org.apache.http.impl.conn.DefaultClientConnectionOperator]-[DEBUG] Connecting to 192.168.1.56:8080
2016-08-25 15:37:02,484 [main] [org.apache.http.client.protocol.RequestAddCookies]-[DEBUG] CookieSpec selected: best-match
2016-08-25 15:37:02,551 [main] [org.apache.http.client.protocol.RequestAuthCache]-[DEBUG] Auth cache not set in the context
2016-08-25 15:37:02,551 [main] [org.apache.http.client.protocol.RequestTargetAuthentication]-[DEBUG] Target auth state: UNCHALLENGED
2016-08-25 15:37:02,553 [main] [org.apache.http.client.protocol.RequestProxyAuthentication]-[DEBUG] Proxy auth state: UNCHALLENGED
2016-08-25 15:37:02,553 [main] [org.apache.http.impl.client.SystemDefaultHttpClient]-[DEBUG] Attempt 1 to execute request
2016-08-25 15:37:02,553 [main] [org.apache.http.impl.conn.DefaultClientConnection]-[DEBUG] Sending request: GET /solr/collection1/select?q=*%3A*&start=20&rows=50&wt=javabin&version=2 HTTP/1.1
2016-08-25 15:37:02,555 [main] [org.apache.http.wire]-[DEBUG]  >> "GET /solr/collection1/select?q=*%3A*&start=20&rows=50&wt=javabin&version=2 HTTP/1.1[\r][\n]"
2016-08-25 15:37:02,557 [main] [org.apache.http.wire]-[DEBUG]  >> "User-Agent: Solr[org.apache.solr.client.solrj.impl.HttpSolrServer] 1.0[\r][\n]"
2016-08-25 15:37:02,557 [main] [org.apache.http.wire]-[DEBUG]  >> "Host: 192.168.1.56:8080[\r][\n]"
2016-08-25 15:37:02,557 [main] [org.apache.http.wire]-[DEBUG]  >> "Connection: Keep-Alive[\r][\n]"
2016-08-25 15:37:02,557 [main] [org.apache.http.wire]-[DEBUG]  >> "[\r][\n]"
2016-08-25 15:37:02,557 [main] [org.apache.http.headers]-[DEBUG] >> GET /solr/collection1/select?q=*%3A*&start=20&rows=50&wt=javabin&version=2 HTTP/1.1
2016-08-25 15:37:02,558 [main] [org.apache.http.headers]-[DEBUG] >> User-Agent: Solr[org.apache.solr.client.solrj.impl.HttpSolrServer] 1.0
2016-08-25 15:37:02,558 [main] [org.apache.http.headers]-[DEBUG] >> Host: 192.168.1.56:8080
2016-08-25 15:37:02,558 [main] [org.apache.http.headers]-[DEBUG] >> Connection: Keep-Alive
2016-08-25 15:37:02,574 [main] [org.apache.http.wire]-[DEBUG]  << "HTTP/1.1 200 OK[\r][\n]"
2016-08-25 15:37:02,576 [main] [org.apache.http.wire]-[DEBUG]  << "Server: Apache-Coyote/1.1[\r][\n]"
2016-08-25 15:37:02,577 [main] [org.apache.http.wire]-[DEBUG]  << "Content-Type: application/octet-stream[\r][\n]"
2016-08-25 15:37:02,577 [main] [org.apache.http.wire]-[DEBUG]  << "Content-Length: 119[\r][\n]"
2016-08-25 15:37:02,577 [main] [org.apache.http.wire]-[DEBUG]  << "Date: Thu, 25 Aug 2016 07:37:02 GMT[\r][\n]"
2016-08-25 15:37:02,577 [main] [org.apache.http.wire]-[DEBUG]  << "[\r][\n]"
2016-08-25 15:37:02,579 [main] [org.apache.http.impl.conn.DefaultClientConnection]-[DEBUG] Receiving response: HTTP/1.1 200 OK
2016-08-25 15:37:02,579 [main] [org.apache.http.headers]-[DEBUG] << HTTP/1.1 200 OK
2016-08-25 15:37:02,579 [main] [org.apache.http.headers]-[DEBUG] << Server: Apache-Coyote/1.1
2016-08-25 15:37:02,579 [main] [org.apache.http.headers]-[DEBUG] << Content-Type: application/octet-stream
2016-08-25 15:37:02,579 [main] [org.apache.http.headers]-[DEBUG] << Content-Length: 119
2016-08-25 15:37:02,579 [main] [org.apache.http.headers]-[DEBUG] << Date: Thu, 25 Aug 2016 07:37:02 GMT
2016-08-25 15:37:02,600 [main] [org.apache.http.impl.client.SystemDefaultHttpClient]-[DEBUG] Connection can be kept alive indefinitely
2016-08-25 15:37:02,669 [main] [org.apache.http.wire]-[DEBUG]  << "[0x2][0xa2][0xe0].responseHeader[0xa3][0xe0]&status[0x6][0x0][0x0][0x0][0x0][0xe0]%QTime[0x6][0x0][0x0][0x0][0x0][0xe0]&params[0xa5][0xe0]%start"20[0xe0]!q#*:*[0xe0]"wt'javabin[0xe0]'version!2[0xe0]$rows"50[0xe0](response[0xc][0x83]bt[0x1][0x0][0x80]"
2016-08-25 15:37:02,671 [main] [org.apache.http.impl.conn.PoolingClientConnectionManager]-[DEBUG] Connection [id: 0][route: {}->http://192.168.1.56:8080] can be kept alive indefinitely
2016-08-25 15:37:02,672 [main] [org.apache.http.impl.conn.PoolingClientConnectionManager]-[DEBUG] Connection released: [id: 0][route: {}->http://192.168.1.56:8080][total kept alive: 1; route allocated: 1 of 32; total allocated: 1 of 128]
2016-08-25 15:39:55,685 [main] [org.apache.solr.client.solrj.impl.HttpClientUtil]-[DEBUG] Creating new http client, config:maxConnections=128&maxConnectionsPerHost=32&followRedirects=false
2016-08-25 15:39:56,212 [main] [org.apache.http.impl.conn.PoolingClientConnectionManager]-[DEBUG] Connection request: [route: {}->http://192.168.1.56:8080][total kept alive: 0; route allocated: 0 of 32; total allocated: 0 of 128]
2016-08-25 15:39:56,241 [main] [org.apache.http.impl.conn.PoolingClientConnectionManager]-[DEBUG] Connection leased: [id: 0][route: {}->http://192.168.1.56:8080][total kept alive: 0; route allocated: 1 of 32; total allocated: 1 of 128]
2016-08-25 15:39:56,245 [main] [org.apache.http.impl.conn.DefaultClientConnectionOperator]-[DEBUG] Connecting to 192.168.1.56:8080
2016-08-25 15:39:56,293 [main] [org.apache.http.client.protocol.RequestAddCookies]-[DEBUG] CookieSpec selected: best-match
2016-08-25 15:39:56,321 [main] [org.apache.http.client.protocol.RequestAuthCache]-[DEBUG] Auth cache not set in the context
2016-08-25 15:39:56,322 [main] [org.apache.http.client.protocol.RequestTargetAuthentication]-[DEBUG] Target auth state: UNCHALLENGED
2016-08-25 15:39:56,324 [main] [org.apache.http.client.protocol.RequestProxyAuthentication]-[DEBUG] Proxy auth state: UNCHALLENGED
2016-08-25 15:39:56,324 [main] [org.apache.http.impl.client.SystemDefaultHttpClient]-[DEBUG] Attempt 1 to execute request
2016-08-25 15:39:56,325 [main] [org.apache.http.impl.conn.DefaultClientConnection]-[DEBUG] Sending request: GET /solr/collection1/select?q=*%3A*&start=20&rows=50&wt=javabin&version=2 HTTP/1.1
2016-08-25 15:39:56,326 [main] [org.apache.http.wire]-[DEBUG]  >> "GET /solr/collection1/select?q=*%3A*&start=20&rows=50&wt=javabin&version=2 HTTP/1.1[\r][\n]"
2016-08-25 15:39:56,329 [main] [org.apache.http.wire]-[DEBUG]  >> "User-Agent: Solr[org.apache.solr.client.solrj.impl.HttpSolrServer] 1.0[\r][\n]"
2016-08-25 15:39:56,330 [main] [org.apache.http.wire]-[DEBUG]  >> "Host: 192.168.1.56:8080[\r][\n]"
2016-08-25 15:39:56,330 [main] [org.apache.http.wire]-[DEBUG]  >> "Connection: Keep-Alive[\r][\n]"
2016-08-25 15:39:56,330 [main] [org.apache.http.wire]-[DEBUG]  >> "[\r][\n]"
2016-08-25 15:39:56,331 [main] [org.apache.http.headers]-[DEBUG] >> GET /solr/collection1/select?q=*%3A*&start=20&rows=50&wt=javabin&version=2 HTTP/1.1
2016-08-25 15:39:56,331 [main] [org.apache.http.headers]-[DEBUG] >> User-Agent: Solr[org.apache.solr.client.solrj.impl.HttpSolrServer] 1.0
2016-08-25 15:39:56,331 [main] [org.apache.http.headers]-[DEBUG] >> Host: 192.168.1.56:8080
2016-08-25 15:39:56,331 [main] [org.apache.http.headers]-[DEBUG] >> Connection: Keep-Alive
2016-08-25 15:39:56,334 [main] [org.apache.http.wire]-[DEBUG]  << "HTTP/1.1 200 OK[\r][\n]"
2016-08-25 15:39:56,337 [main] [org.apache.http.wire]-[DEBUG]  << "Server: Apache-Coyote/1.1[\r][\n]"
2016-08-25 15:39:56,338 [main] [org.apache.http.wire]-[DEBUG]  << "Content-Type: application/octet-stream[\r][\n]"
2016-08-25 15:39:56,338 [main] [org.apache.http.wire]-[DEBUG]  << "Content-Length: 115[\r][\n]"
2016-08-25 15:39:56,338 [main] [org.apache.http.wire]-[DEBUG]  << "Date: Thu, 25 Aug 2016 07:39:56 GMT[\r][\n]"
2016-08-25 15:39:56,338 [main] [org.apache.http.wire]-[DEBUG]  << "[\r][\n]"
2016-08-25 15:39:56,340 [main] [org.apache.http.impl.conn.DefaultClientConnection]-[DEBUG] Receiving response: HTTP/1.1 200 OK
2016-08-25 15:39:56,340 [main] [org.apache.http.headers]-[DEBUG] << HTTP/1.1 200 OK
2016-08-25 15:39:56,340 [main] [org.apache.http.headers]-[DEBUG] << Server: Apache-Coyote/1.1
2016-08-25 15:39:56,340 [main] [org.apache.http.headers]-[DEBUG] << Content-Type: application/octet-stream
2016-08-25 15:39:56,341 [main] [org.apache.http.headers]-[DEBUG] << Content-Length: 115
2016-08-25 15:39:56,341 [main] [org.apache.http.headers]-[DEBUG] << Date: Thu, 25 Aug 2016 07:39:56 GMT
2016-08-25 15:39:56,346 [main] [org.apache.http.impl.client.SystemDefaultHttpClient]-[DEBUG] Connection can be kept alive indefinitely
2016-08-25 15:39:56,379 [main] [org.apache.http.wire]-[DEBUG]  << "[0x2][0xa2][0xe0].responseHeader[0xa3][0xe0]&status[0x6][0x0][0x0][0x0][0x0][0xe0]%QTimeA[0xe0]&params[0xa5][0xe0]%start"20[0xe0]!q#*:*[0xe0]"wt'javabin[0xe0]'version!2[0xe0]$rows"50[0xe0](response[0xc][0x83]bt[0x1][0x0][0x80]"
2016-08-25 15:39:56,383 [main] [org.apache.http.impl.conn.PoolingClientConnectionManager]-[DEBUG] Connection [id: 0][route: {}->http://192.168.1.56:8080] can be kept alive indefinitely
2016-08-25 15:39:56,383 [main] [org.apache.http.impl.conn.PoolingClientConnectionManager]-[DEBUG] Connection released: [id: 0][route: {}->http://192.168.1.56:8080][total kept alive: 1; route allocated: 1 of 32; total allocated: 1 of 128]
2016-08-25 15:55:34,961 [main] [org.apache.solr.client.solrj.impl.HttpClientUtil]-[DEBUG] Creating new http client, config:maxConnections=128&maxConnectionsPerHost=32&followRedirects=false
2016-08-25 15:55:35,675 [main] [org.apache.http.impl.conn.PoolingClientConnectionManager]-[DEBUG] Connection request: [route: {}->http://192.168.1.56:8080][total kept alive: 0; route allocated: 0 of 32; total allocated: 0 of 128]
2016-08-25 15:55:35,706 [main] [org.apache.http.impl.conn.PoolingClientConnectionManager]-[DEBUG] Connection leased: [id: 0][route: {}->http://192.168.1.56:8080][total kept alive: 0; route allocated: 1 of 32; total allocated: 1 of 128]
2016-08-25 15:55:35,710 [main] [org.apache.http.impl.conn.DefaultClientConnectionOperator]-[DEBUG] Connecting to 192.168.1.56:8080
2016-08-25 15:55:35,760 [main] [org.apache.http.client.protocol.RequestAddCookies]-[DEBUG] CookieSpec selected: best-match
2016-08-25 15:55:35,791 [main] [org.apache.http.client.protocol.RequestAuthCache]-[DEBUG] Auth cache not set in the context
2016-08-25 15:55:35,791 [main] [org.apache.http.client.protocol.RequestTargetAuthentication]-[DEBUG] Target auth state: UNCHALLENGED
2016-08-25 15:55:35,792 [main] [org.apache.http.client.protocol.RequestProxyAuthentication]-[DEBUG] Proxy auth state: UNCHALLENGED
2016-08-25 15:55:35,793 [main] [org.apache.http.impl.client.SystemDefaultHttpClient]-[DEBUG] Attempt 1 to execute request
2016-08-25 15:55:35,793 [main] [org.apache.http.impl.conn.DefaultClientConnection]-[DEBUG] Sending request: GET /solr/collection1/select?q=*%3A*&start=0&rows=50&wt=javabin&version=2 HTTP/1.1
2016-08-25 15:55:35,795 [main] [org.apache.http.wire]-[DEBUG]  >> "GET /solr/collection1/select?q=*%3A*&start=0&rows=50&wt=javabin&version=2 HTTP/1.1[\r][\n]"
2016-08-25 15:55:35,798 [main] [org.apache.http.wire]-[DEBUG]  >> "User-Agent: Solr[org.apache.solr.client.solrj.impl.HttpSolrServer] 1.0[\r][\n]"
2016-08-25 15:55:35,798 [main] [org.apache.http.wire]-[DEBUG]  >> "Host: 192.168.1.56:8080[\r][\n]"
2016-08-25 15:55:35,798 [main] [org.apache.http.wire]-[DEBUG]  >> "Connection: Keep-Alive[\r][\n]"
2016-08-25 15:55:35,799 [main] [org.apache.http.wire]-[DEBUG]  >> "[\r][\n]"
2016-08-25 15:55:35,799 [main] [org.apache.http.headers]-[DEBUG] >> GET /solr/collection1/select?q=*%3A*&start=0&rows=50&wt=javabin&version=2 HTTP/1.1
2016-08-25 15:55:35,799 [main] [org.apache.http.headers]-[DEBUG] >> User-Agent: Solr[org.apache.solr.client.solrj.impl.HttpSolrServer] 1.0
2016-08-25 15:55:35,800 [main] [org.apache.http.headers]-[DEBUG] >> Host: 192.168.1.56:8080
2016-08-25 15:55:35,800 [main] [org.apache.http.headers]-[DEBUG] >> Connection: Keep-Alive
2016-08-25 15:55:35,822 [main] [org.apache.http.wire]-[DEBUG]  << "HTTP/1.1 200 OK[\r][\n]"
2016-08-25 15:55:35,825 [main] [org.apache.http.wire]-[DEBUG]  << "Server: Apache-Coyote/1.1[\r][\n]"
2016-08-25 15:55:35,826 [main] [org.apache.http.wire]-[DEBUG]  << "Content-Type: application/octet-stream[\r][\n]"
2016-08-25 15:55:35,826 [main] [org.apache.http.wire]-[DEBUG]  << "Content-Length: 229[\r][\n]"
2016-08-25 15:55:35,826 [main] [org.apache.http.wire]-[DEBUG]  << "Date: Thu, 25 Aug 2016 07:55:35 GMT[\r][\n]"
2016-08-25 15:55:35,826 [main] [org.apache.http.wire]-[DEBUG]  << "[\r][\n]"
2016-08-25 15:55:35,828 [main] [org.apache.http.impl.conn.DefaultClientConnection]-[DEBUG] Receiving response: HTTP/1.1 200 OK
2016-08-25 15:55:35,828 [main] [org.apache.http.headers]-[DEBUG] << HTTP/1.1 200 OK
2016-08-25 15:55:35,829 [main] [org.apache.http.headers]-[DEBUG] << Server: Apache-Coyote/1.1
2016-08-25 15:55:35,829 [main] [org.apache.http.headers]-[DEBUG] << Content-Type: application/octet-stream
2016-08-25 15:55:35,829 [main] [org.apache.http.headers]-[DEBUG] << Content-Length: 229
2016-08-25 15:55:35,829 [main] [org.apache.http.headers]-[DEBUG] << Date: Thu, 25 Aug 2016 07:55:35 GMT
2016-08-25 15:55:35,836 [main] [org.apache.http.impl.client.SystemDefaultHttpClient]-[DEBUG] Connection can be kept alive indefinitely
2016-08-25 15:55:35,874 [main] [org.apache.http.wire]-[DEBUG]  << "[0x2][0xa2][0xe0].responseHeader[0xa3][0xe0]&status[0x6][0x0][0x0][0x0][0x0][0xe0]%QTimeA[0xe0]&params[0xa5][0xe0]%start!0[0xe0]!q#*:*[0xe0]"wt'javabin[0xe0]'version!2[0xe0]$rows"50[0xe0](response[0xc][0x83]b`[0x0][0x82][0xb][0xa3][0xe0]"id)change.me[0xe0]%title[0x81])change.me[0xe0])_version_[0x7][0x15]j[0x1d][0x97][0x9c][0x0][0x0][0x0][0xb][0xa4][0xeb]'test001[0xec][0x81]&[0xe6][0xb5][0x8b][0xe8][0xaf][0x95][0xe0]+description2[0xe8][0xbf][0x99][0xe6][0x98][0xaf][0xe4][0xb8][0x80][0xe4][0xb8][0xaa][0xe6][0xb5][0x8b][0xe8][0xaf][0x95][0xed][0x7][0x15]l[0x9]P: [0x0][0x0]"
2016-08-25 15:55:35,880 [main] [org.apache.http.impl.conn.PoolingClientConnectionManager]-[DEBUG] Connection [id: 0][route: {}->http://192.168.1.56:8080] can be kept alive indefinitely
2016-08-25 15:55:35,880 [main] [org.apache.http.impl.conn.PoolingClientConnectionManager]-[DEBUG] Connection released: [id: 0][route: {}->http://192.168.1.56:8080][total kept alive: 1; route allocated: 1 of 32; total allocated: 1 of 128]
